TpTrace Verbose: 0 : 9184, 1, 2021/08/21, 13:26:12.426, 44648416511, vstest.console.dll, Version: 17.0.0-preview-20210715-01
TpTrace Information: 0 : 9184, 1, 2021/08/21, 13:26:12.439, 44648522258, vstest.console.dll, FilePatternParser: The given file D:\D\Ehlimana\Documents\VVS\2021-2022\Laboratorijska Vježba 3. (Data-Driven Unit Testiranje)\PrivatnaKlinika\UnitTestovi\bin\Debug\net5.0\fine-code-coverage\build-output\UnitTestovi.dll is a full path.
TpTrace Verbose: 0 : 9184, 1, 2021/08/21, 13:26:12.445, 44648575429, vstest.console.dll, TestPluginCache.DiscoverTestExtensions: finding test extensions in assemblies ends with: RuntimeProvider.dll TPluginInfo: Microsoft.VisualStudio.TestPlatform.Common.ExtensionFramework.Utilities.TestRuntimePluginInformation TExtension: Microsoft.VisualStudio.TestPlatform.ObjectModel.Host.ITestRuntimeProvider
TpTrace Verbose: 0 : 9184, 1, 2021/08/21, 13:26:12.445, 44648583030, vstest.console.dll, TestPluginCache.GetExtensionPaths: Filtered extension paths: 
TpTrace Verbose: 0 : 9184, 1, 2021/08/21, 13:26:12.445, 44648584231, vstest.console.dll, TestPluginCache.GetExtensionPaths: Added default extension paths: C:\Program Files\dotnet\sdk\6.0.100-preview.7.21379.14\Extensions\Microsoft.Diagnostics.NETCore.Client.dll
C:\Program Files\dotnet\sdk\6.0.100-preview.7.21379.14\Extensions\Microsoft.TestPlatform.Extensions.BlameDataCollector.dll
C:\Program Files\dotnet\sdk\6.0.100-preview.7.21379.14\Extensions\Microsoft.TestPlatform.Extensions.EventLogCollector.dll
C:\Program Files\dotnet\sdk\6.0.100-preview.7.21379.14\Extensions\Microsoft.TestPlatform.TestHostRuntimeProvider.dll
C:\Program Files\dotnet\sdk\6.0.100-preview.7.21379.14\Extensions\Microsoft.VisualStudio.TestPlatform.Extensions.Html.TestLogger.dll
C:\Program Files\dotnet\sdk\6.0.100-preview.7.21379.14\Extensions\Microsoft.VisualStudio.TestPlatform.Extensions.Trx.TestLogger.dll
TpTrace Verbose: 0 : 9184, 1, 2021/08/21, 13:26:12.446, 44648584770, vstest.console.dll, TestPluginCache.GetExtensionPaths: Added unfilterableExtensionPaths: 
TpTrace Information: 0 : 9184, 1, 2021/08/21, 13:26:12.446, 44648593700, vstest.console.dll, AssemblyResolver.ctor: Creating AssemblyResolver with searchDirectories C:\Program Files\dotnet\sdk\6.0.100-preview.7.21379.14\Extensions,C:\Program Files\dotnet\sdk\6.0.100-preview.7.21379.14
TpTrace Verbose: 0 : 9184, 1, 2021/08/21, 13:26:12.448, 44648606797, vstest.console.dll, TestPluginCache.DiscoverTestExtensions: Discovering the extensions using extension path.
TpTrace Verbose: 0 : 9184, 1, 2021/08/21, 13:26:12.448, 44648608731, vstest.console.dll, TestPluginCache.GetExtensionPaths: Filtered extension paths: 
TpTrace Verbose: 0 : 9184, 1, 2021/08/21, 13:26:12.448, 44648609284, vstest.console.dll, TestPluginCache.GetExtensionPaths: Added default extension paths: C:\Program Files\dotnet\sdk\6.0.100-preview.7.21379.14\Extensions\Microsoft.Diagnostics.NETCore.Client.dll
C:\Program Files\dotnet\sdk\6.0.100-preview.7.21379.14\Extensions\Microsoft.TestPlatform.Extensions.BlameDataCollector.dll
C:\Program Files\dotnet\sdk\6.0.100-preview.7.21379.14\Extensions\Microsoft.TestPlatform.Extensions.EventLogCollector.dll
C:\Program Files\dotnet\sdk\6.0.100-preview.7.21379.14\Extensions\Microsoft.TestPlatform.TestHostRuntimeProvider.dll
C:\Program Files\dotnet\sdk\6.0.100-preview.7.21379.14\Extensions\Microsoft.VisualStudio.TestPlatform.Extensions.Html.TestLogger.dll
C:\Program Files\dotnet\sdk\6.0.100-preview.7.21379.14\Extensions\Microsoft.VisualStudio.TestPlatform.Extensions.Trx.TestLogger.dll
TpTrace Verbose: 0 : 9184, 1, 2021/08/21, 13:26:12.448, 44648609905, vstest.console.dll, TestPluginCache.GetExtensionPaths: Added unfilterableExtensionPaths: 
TpTrace Verbose: 0 : 9184, 1, 2021/08/21, 13:26:12.448, 44648610653, vstest.console.dll, TestPluginCache.DiscoverTestExtensions: Discovering the extensions using allExtensionPaths: C:\Program Files\dotnet\sdk\6.0.100-preview.7.21379.14\Extensions\Microsoft.Diagnostics.NETCore.Client.dll
C:\Program Files\dotnet\sdk\6.0.100-preview.7.21379.14\Extensions\Microsoft.TestPlatform.Extensions.BlameDataCollector.dll
C:\Program Files\dotnet\sdk\6.0.100-preview.7.21379.14\Extensions\Microsoft.TestPlatform.Extensions.EventLogCollector.dll
C:\Program Files\dotnet\sdk\6.0.100-preview.7.21379.14\Extensions\Microsoft.TestPlatform.TestHostRuntimeProvider.dll
C:\Program Files\dotnet\sdk\6.0.100-preview.7.21379.14\Extensions\Microsoft.VisualStudio.TestPlatform.Extensions.Html.TestLogger.dll
C:\Program Files\dotnet\sdk\6.0.100-preview.7.21379.14\Extensions\Microsoft.VisualStudio.TestPlatform.Extensions.Trx.TestLogger.dll
TpTrace Information: 0 : 9184, 1, 2021/08/21, 13:26:12.448, 44648612564, vstest.console.dll, AssemblyResolver.AddSearchDirectories: Adding more searchDirectories C:\Program Files\dotnet\sdk\6.0.100-preview.7.21379.14\Extensions,C:\Program Files\dotnet\sdk\6.0.100-preview.7.21379.14
TpTrace Information: 0 : 9184, 1, 2021/08/21, 13:26:12.448, 44648613306, vstest.console.dll, AssemblyResolver.AddSearchDirectories: Adding more searchDirectories C:\Program Files\dotnet\sdk\6.0.100-preview.7.21379.14\Extensions,C:\Program Files\dotnet\sdk\6.0.100-preview.7.21379.14
TpTrace Information: 0 : 9184, 1, 2021/08/21, 13:26:12.448, 44648613767, vstest.console.dll, AssemblyResolver.AddSearchDirectories: Adding more searchDirectories C:\Program Files\dotnet\sdk\6.0.100-preview.7.21379.14\Extensions,C:\Program Files\dotnet\sdk\6.0.100-preview.7.21379.14
TpTrace Information: 0 : 9184, 1, 2021/08/21, 13:26:12.448, 44648614181, vstest.console.dll, AssemblyResolver.AddSearchDirectories: Adding more searchDirectories C:\Program Files\dotnet\sdk\6.0.100-preview.7.21379.14\Extensions,C:\Program Files\dotnet\sdk\6.0.100-preview.7.21379.14
TpTrace Information: 0 : 9184, 1, 2021/08/21, 13:26:12.449, 44648614634, vstest.console.dll, AssemblyResolver.AddSearchDirectories: Adding more searchDirectories C:\Program Files\dotnet\sdk\6.0.100-preview.7.21379.14\Extensions,C:\Program Files\dotnet\sdk\6.0.100-preview.7.21379.14
TpTrace Information: 0 : 9184, 1, 2021/08/21, 13:26:12.449, 44648615071, vstest.console.dll, AssemblyResolver.AddSearchDirectories: Adding more searchDirectories C:\Program Files\dotnet\sdk\6.0.100-preview.7.21379.14\Extensions,C:\Program Files\dotnet\sdk\6.0.100-preview.7.21379.14
TpTrace Information: 0 : 9184, 1, 2021/08/21, 13:26:12.449, 44648618815, vstest.console.dll, AssemblyResolver.OnResolve: Microsoft.Diagnostics.NETCore.Client: Resolving assembly.
TpTrace Information: 0 : 9184, 1, 2021/08/21, 13:26:12.449, 44648619697, vstest.console.dll, AssemblyResolver.OnResolve: Microsoft.Diagnostics.NETCore.Client: Searching in: 'C:\Program Files\dotnet\sdk\6.0.100-preview.7.21379.14\Extensions'.
TpTrace Information: 0 : 9184, 1, 2021/08/21, 13:26:12.449, 44648624144, vstest.console.dll, AssemblyResolver.OnResolve: Microsoft.Diagnostics.NETCore.Client: Loading assembly 'C:\Program Files\dotnet\sdk\6.0.100-preview.7.21379.14\Extensions\Microsoft.Diagnostics.NETCore.Client.dll'.
TpTrace Information: 0 : 9184, 1, 2021/08/21, 13:26:12.450, 44648629900, vstest.console.dll, AssemblyResolver.OnResolve: Resolved assembly: Microsoft.Diagnostics.NETCore.Client, from path: C:\Program Files\dotnet\sdk\6.0.100-preview.7.21379.14\Extensions\Microsoft.Diagnostics.NETCore.Client.dll
TpTrace Information: 0 : 9184, 1, 2021/08/21, 13:26:12.458, 44648712709, vstest.console.dll, AssemblyResolver.OnResolve: Microsoft.Bcl.AsyncInterfaces: Resolving assembly.
TpTrace Information: 0 : 9184, 1, 2021/08/21, 13:26:12.459, 44648714539, vstest.console.dll, AssemblyResolver.OnResolve: Microsoft.Bcl.AsyncInterfaces: Searching in: 'C:\Program Files\dotnet\sdk\6.0.100-preview.7.21379.14\Extensions'.
TpTrace Information: 0 : 9184, 1, 2021/08/21, 13:26:12.459, 44648716687, vstest.console.dll, AssemblyResolver.OnResolve: Microsoft.Bcl.AsyncInterfaces: Assembly path does not exist: 'C:\Program Files\dotnet\sdk\6.0.100-preview.7.21379.14\Extensions\Microsoft.Bcl.AsyncInterfaces.dll', returning.
TpTrace Information: 0 : 9184, 1, 2021/08/21, 13:26:12.459, 44648717947, vstest.console.dll, AssemblyResolver.OnResolve: Microsoft.Bcl.AsyncInterfaces: Assembly path does not exist: 'C:\Program Files\dotnet\sdk\6.0.100-preview.7.21379.14\Extensions\Microsoft.Bcl.AsyncInterfaces.exe', returning.
TpTrace Information: 0 : 9184, 1, 2021/08/21, 13:26:12.459, 44648719241, vstest.console.dll, AssemblyResolver.OnResolve: Microsoft.Bcl.AsyncInterfaces: Searching in: 'C:\Program Files\dotnet\sdk\6.0.100-preview.7.21379.14'.
TpTrace Information: 0 : 9184, 1, 2021/08/21, 13:26:12.459, 44648720347, vstest.console.dll, AssemblyResolver.OnResolve: Microsoft.Bcl.AsyncInterfaces: Assembly path does not exist: 'C:\Program Files\dotnet\sdk\6.0.100-preview.7.21379.14\Microsoft.Bcl.AsyncInterfaces.dll', returning.
TpTrace Information: 0 : 9184, 1, 2021/08/21, 13:26:12.459, 44648721354, vstest.console.dll, AssemblyResolver.OnResolve: Microsoft.Bcl.AsyncInterfaces: Assembly path does not exist: 'C:\Program Files\dotnet\sdk\6.0.100-preview.7.21379.14\Microsoft.Bcl.AsyncInterfaces.exe', returning.
TpTrace Information: 0 : 9184, 1, 2021/08/21, 13:26:12.459, 44648721852, vstest.console.dll, AssemblyResolver.OnResolve: Microsoft.Bcl.AsyncInterfaces: Failed to load assembly.
TpTrace Verbose: 0 : 9184, 1, 2021/08/21, 13:26:12.459, 44648722512, vstest.console.dll, CurrentDomainAssemblyResolve: Resolving assembly 'Microsoft.Bcl.AsyncInterfaces'.
TpTrace Information: 0 : 9184, 1, 2021/08/21, 13:26:12.459, 44648723411, vstest.console.dll, AssemblyResolver.OnResolve: Microsoft.Bcl.AsyncInterfaces: Resolving assembly.
TpTrace Information: 0 : 9184, 1, 2021/08/21, 13:26:12.459, 44648723968, vstest.console.dll, AssemblyResolver.OnResolve: Microsoft.Bcl.AsyncInterfaces: Resolved from cache.
TpTrace Verbose: 0 : 9184, 1, 2021/08/21, 13:26:12.459, 44648724467, vstest.console.dll, CurrentDomainAssemblyResolve: Resolving assembly 'Microsoft.Bcl.AsyncInterfaces'.
TpTrace Verbose: 0 : 9184, 1, 2021/08/21, 13:26:12.460, 44648724982, vstest.console.dll, CurrentDomainAssemblyResolve: Failed to resolve assembly 'Microsoft.Bcl.AsyncInterfaces'.
TpTrace Verbose: 0 : 9184, 1, 2021/08/21, 13:26:12.460, 44648729825, vstest.console.dll, CurrentDomainAssemblyResolve: Failed to resolve assembly 'Microsoft.Bcl.AsyncInterfaces'.
TpTrace Warning: 0 : 9184, 1, 2021/08/21, 13:26:12.476, 44648887323, vstest.console.dll, TestPluginDiscoverer: Failed to get types from assembly 'Microsoft.Diagnostics.NETCore.Client, Version=0.2.4.21401, Culture=neutral, PublicKeyToken=31bf3856ad364e35'.  Skipping test extension scan for this assembly.  Error: System.Reflection.ReflectionTypeLoadException: Unable to load one or more of the requested types.
Could not load file or assembly 'Microsoft.Bcl.AsyncInterfaces, Version=1.0.0.0, Culture=neutral, PublicKeyToken=cc7b13ffcd2ddd51'. The system cannot find the file specified.
   at System.Reflection.RuntimeModule.GetTypes(RuntimeModule module)
   at System.Reflection.Assembly.GetTypes() in System.Private.CoreLib.dll:token 0x600514d+0x0
   at Microsoft.VisualStudio.TestPlatform.Common.ExtensionFramework.TestPluginDiscoverer.GetTestExtensionsFromAssembly[TPluginInfo,TExtension](Assembly assembly, Dictionary`2 pluginInfos) in Microsoft.VisualStudio.TestPlatform.Common.dll:token 0x60001af+0x1a
System.IO.FileNotFoundException: Could not load file or assembly 'Microsoft.Bcl.AsyncInterfaces, Version=1.0.0.0, Culture=neutral, PublicKeyToken=cc7b13ffcd2ddd51'. The system cannot find the file specified.
File name: 'Microsoft.Bcl.AsyncInterfaces, Version=1.0.0.0, Culture=neutral, PublicKeyToken=cc7b13ffcd2ddd51'
 ---> System.IO.FileNotFoundException: Could not load file or assembly 'Microsoft.Bcl.AsyncInterfaces, Culture=neutral, PublicKeyToken=null'. The system cannot find the file specified.
File name: 'Microsoft.Bcl.AsyncInterfaces, Culture=neutral, PublicKeyToken=null'
   at System.Reflection.RuntimeAssembly.InternalLoad(ObjectHandleOnStack assemblyName, ObjectHandleOnStack requestingAssembly, StackCrawlMarkHandle stackMark, Boolean throwOnFileNotFound, ObjectHandleOnStack assemblyLoadContext, ObjectHandleOnStack retAssembly) in System.Private.CoreLib.dll:token 0x600534c+0x8
   at System.Reflection.RuntimeAssembly.InternalLoad(AssemblyName assemblyName, RuntimeAssembly requestingAssembly, StackCrawlMark& stackMark, Boolean throwOnFileNotFound, AssemblyLoadContext assemblyLoadContext) in System.Private.CoreLib.dll:token 0x600534b+0x16
   at System.Reflection.Assembly.Load(AssemblyName assemblyRef) in System.Private.CoreLib.dll:token 0x6005142+0xe
   at Microsoft.VisualStudio.TestPlatform.Common.ExtensionFramework.TestPluginCache.CurrentDomainAssemblyResolve(Object sender, AssemblyResolveEventArgs args) in Microsoft.VisualStudio.TestPlatform.Common.dll:token 0x60001a9+0x64
   at Microsoft.VisualStudio.TestPlatform.PlatformAbstractions.PlatformAssemblyResolver.AssemblyResolverEvent(Object sender, Object eventArgs) in Microsoft.TestPlatform.PlatformAbstractions.dll:token 0x600004a+0x1c
   at System.Runtime.Loader.AssemblyLoadContext.GetFirstResolvedAssemblyFromResolvingEvent(AssemblyName assemblyName) in System.Private.CoreLib.dll:token 0x6003b3f+0x24
   at System.Runtime.Loader.AssemblyLoadContext.ResolveUsingEvent(AssemblyName assemblyName) in System.Private.CoreLib.dll:token 0x6003b42+0x7
   at System.Runtime.Loader.AssemblyLoadContext.ResolveUsingResolvingEvent(IntPtr gchManagedAssemblyLoadContext, AssemblyName assemblyName) in System.Private.CoreLib.dll:token 0x6003b03+0x7
TpTrace Warning: 0 : 9184, 1, 2021/08/21, 13:26:12.476, 44648890340, vstest.console.dll, LoaderExceptions: System.IO.FileNotFoundException: Could not load file or assembly 'Microsoft.Bcl.AsyncInterfaces, Version=1.0.0.0, Culture=neutral, PublicKeyToken=cc7b13ffcd2ddd51'. The system cannot find the file specified.
File name: 'Microsoft.Bcl.AsyncInterfaces, Version=1.0.0.0, Culture=neutral, PublicKeyToken=cc7b13ffcd2ddd51'
 ---> System.IO.FileNotFoundException: Could not load file or assembly 'Microsoft.Bcl.AsyncInterfaces, Culture=neutral, PublicKeyToken=null'. The system cannot find the file specified.
File name: 'Microsoft.Bcl.AsyncInterfaces, Culture=neutral, PublicKeyToken=null'
   at System.Reflection.RuntimeAssembly.InternalLoad(ObjectHandleOnStack assemblyName, ObjectHandleOnStack requestingAssembly, StackCrawlMarkHandle stackMark, Boolean throwOnFileNotFound, ObjectHandleOnStack assemblyLoadContext, ObjectHandleOnStack retAssembly) in System.Private.CoreLib.dll:token 0x600534c+0x8
   at System.Reflection.RuntimeAssembly.InternalLoad(AssemblyName assemblyName, RuntimeAssembly requestingAssembly, StackCrawlMark& stackMark, Boolean throwOnFileNotFound, AssemblyLoadContext assemblyLoadContext) in System.Private.CoreLib.dll:token 0x600534b+0x16
   at System.Reflection.Assembly.Load(AssemblyName assemblyRef) in System.Private.CoreLib.dll:token 0x6005142+0xe
   at Microsoft.VisualStudio.TestPlatform.Common.ExtensionFramework.TestPluginCache.CurrentDomainAssemblyResolve(Object sender, AssemblyResolveEventArgs args) in Microsoft.VisualStudio.TestPlatform.Common.dll:token 0x60001a9+0x64
   at Microsoft.VisualStudio.TestPlatform.PlatformAbstractions.PlatformAssemblyResolver.AssemblyResolverEvent(Object sender, Object eventArgs) in Microsoft.TestPlatform.PlatformAbstractions.dll:token 0x600004a+0x1c
   at System.Runtime.Loader.AssemblyLoadContext.GetFirstResolvedAssemblyFromResolvingEvent(AssemblyName assemblyName) in System.Private.CoreLib.dll:token 0x6003b3f+0x24
   at System.Runtime.Loader.AssemblyLoadContext.ResolveUsingEvent(AssemblyName assemblyName) in System.Private.CoreLib.dll:token 0x6003b42+0x7
   at System.Runtime.Loader.AssemblyLoadContext.ResolveUsingResolvingEvent(IntPtr gchManagedAssemblyLoadContext, AssemblyName assemblyName) in System.Private.CoreLib.dll:token 0x6003b03+0x7
TpTrace Information: 0 : 9184, 1, 2021/08/21, 13:26:12.476, 44648891617, vstest.console.dll, AssemblyResolver.OnResolve: Microsoft.TestPlatform.Extensions.BlameDataCollector: Resolving assembly.
TpTrace Information: 0 : 9184, 1, 2021/08/21, 13:26:12.476, 44648892180, vstest.console.dll, AssemblyResolver.OnResolve: Microsoft.TestPlatform.Extensions.BlameDataCollector: Searching in: 'C:\Program Files\dotnet\sdk\6.0.100-preview.7.21379.14\Extensions'.
TpTrace Information: 0 : 9184, 1, 2021/08/21, 13:26:12.477, 44648895690, vstest.console.dll, AssemblyResolver.OnResolve: Microsoft.TestPlatform.Extensions.BlameDataCollector: Loading assembly 'C:\Program Files\dotnet\sdk\6.0.100-preview.7.21379.14\Extensions\Microsoft.TestPlatform.Extensions.BlameDataCollector.dll'.
TpTrace Information: 0 : 9184, 1, 2021/08/21, 13:26:12.477, 44648900815, vstest.console.dll, AssemblyResolver.OnResolve: Resolved assembly: Microsoft.TestPlatform.Extensions.BlameDataCollector, from path: C:\Program Files\dotnet\sdk\6.0.100-preview.7.21379.14\Extensions\Microsoft.TestPlatform.Extensions.BlameDataCollector.dll
TpTrace Information: 0 : 9184, 1, 2021/08/21, 13:26:12.478, 44648907675, vstest.console.dll, AssemblyResolver.OnResolve: Microsoft.TestPlatform.Extensions.EventLogCollector: Resolving assembly.
TpTrace Information: 0 : 9184, 1, 2021/08/21, 13:26:12.478, 44648908486, vstest.console.dll, AssemblyResolver.OnResolve: Microsoft.TestPlatform.Extensions.EventLogCollector: Searching in: 'C:\Program Files\dotnet\sdk\6.0.100-preview.7.21379.14\Extensions'.
TpTrace Information: 0 : 9184, 1, 2021/08/21, 13:26:12.478, 44648911374, vstest.console.dll, AssemblyResolver.OnResolve: Microsoft.TestPlatform.Extensions.EventLogCollector: Loading assembly 'C:\Program Files\dotnet\sdk\6.0.100-preview.7.21379.14\Extensions\Microsoft.TestPlatform.Extensions.EventLogCollector.dll'.
TpTrace Information: 0 : 9184, 1, 2021/08/21, 13:26:12.479, 44648916883, vstest.console.dll, AssemblyResolver.OnResolve: Resolved assembly: Microsoft.TestPlatform.Extensions.EventLogCollector, from path: C:\Program Files\dotnet\sdk\6.0.100-preview.7.21379.14\Extensions\Microsoft.TestPlatform.Extensions.EventLogCollector.dll
TpTrace Information: 0 : 9184, 1, 2021/08/21, 13:26:12.481, 44648937606, vstest.console.dll, AssemblyResolver.OnResolve: Microsoft.TestPlatform.TestHostRuntimeProvider: Resolving assembly.
TpTrace Information: 0 : 9184, 1, 2021/08/21, 13:26:12.481, 44648939208, vstest.console.dll, AssemblyResolver.OnResolve: Microsoft.TestPlatform.TestHostRuntimeProvider: Searching in: 'C:\Program Files\dotnet\sdk\6.0.100-preview.7.21379.14\Extensions'.
TpTrace Information: 0 : 9184, 1, 2021/08/21, 13:26:12.481, 44648942038, vstest.console.dll, AssemblyResolver.OnResolve: Microsoft.TestPlatform.TestHostRuntimeProvider: Loading assembly 'C:\Program Files\dotnet\sdk\6.0.100-preview.7.21379.14\Extensions\Microsoft.TestPlatform.TestHostRuntimeProvider.dll'.
TpTrace Information: 0 : 9184, 1, 2021/08/21, 13:26:12.482, 44648946979, vstest.console.dll, AssemblyResolver.OnResolve: Resolved assembly: Microsoft.TestPlatform.TestHostRuntimeProvider, from path: C:\Program Files\dotnet\sdk\6.0.100-preview.7.21379.14\Extensions\Microsoft.TestPlatform.TestHostRuntimeProvider.dll
TpTrace Information: 0 : 9184, 1, 2021/08/21, 13:26:12.483, 44648963866, vstest.console.dll, AssemblyResolver.OnResolve: Microsoft.VisualStudio.TestPlatform.Extensions.Html.TestLogger: Resolving assembly.
TpTrace Information: 0 : 9184, 1, 2021/08/21, 13:26:12.484, 44648965268, vstest.console.dll, AssemblyResolver.OnResolve: Microsoft.VisualStudio.TestPlatform.Extensions.Html.TestLogger: Searching in: 'C:\Program Files\dotnet\sdk\6.0.100-preview.7.21379.14\Extensions'.
TpTrace Information: 0 : 9184, 1, 2021/08/21, 13:26:12.484, 44648968534, vstest.console.dll, AssemblyResolver.OnResolve: Microsoft.VisualStudio.TestPlatform.Extensions.Html.TestLogger: Loading assembly 'C:\Program Files\dotnet\sdk\6.0.100-preview.7.21379.14\Extensions\Microsoft.VisualStudio.TestPlatform.Extensions.Html.TestLogger.dll'.
TpTrace Information: 0 : 9184, 1, 2021/08/21, 13:26:12.484, 44648974472, vstest.console.dll, AssemblyResolver.OnResolve: Resolved assembly: Microsoft.VisualStudio.TestPlatform.Extensions.Html.TestLogger, from path: C:\Program Files\dotnet\sdk\6.0.100-preview.7.21379.14\Extensions\Microsoft.VisualStudio.TestPlatform.Extensions.Html.TestLogger.dll
TpTrace Information: 0 : 9184, 1, 2021/08/21, 13:26:12.485, 44648978974, vstest.console.dll, AssemblyResolver.OnResolve: Microsoft.VisualStudio.TestPlatform.Extensions.Trx.TestLogger: Resolving assembly.
TpTrace Information: 0 : 9184, 1, 2021/08/21, 13:26:12.485, 44648980255, vstest.console.dll, AssemblyResolver.OnResolve: Microsoft.VisualStudio.TestPlatform.Extensions.Trx.TestLogger: Searching in: 'C:\Program Files\dotnet\sdk\6.0.100-preview.7.21379.14\Extensions'.
TpTrace Information: 0 : 9184, 1, 2021/08/21, 13:26:12.485, 44648983595, vstest.console.dll, AssemblyResolver.OnResolve: Microsoft.VisualStudio.TestPlatform.Extensions.Trx.TestLogger: Loading assembly 'C:\Program Files\dotnet\sdk\6.0.100-preview.7.21379.14\Extensions\Microsoft.VisualStudio.TestPlatform.Extensions.Trx.TestLogger.dll'.
TpTrace Information: 0 : 9184, 1, 2021/08/21, 13:26:12.486, 44648989738, vstest.console.dll, AssemblyResolver.OnResolve: Resolved assembly: Microsoft.VisualStudio.TestPlatform.Extensions.Trx.TestLogger, from path: C:\Program Files\dotnet\sdk\6.0.100-preview.7.21379.14\Extensions\Microsoft.VisualStudio.TestPlatform.Extensions.Trx.TestLogger.dll
TpTrace Verbose: 0 : 9184, 1, 2021/08/21, 13:26:12.487, 44648998218, vstest.console.dll, TestPluginCache: Discovered the extensions using extension path ''.
TpTrace Verbose: 0 : 9184, 1, 2021/08/21, 13:26:12.487, 44648999911, vstest.console.dll, TestPluginCache: Discoverers are ''.
TpTrace Verbose: 0 : 9184, 1, 2021/08/21, 13:26:12.487, 44649000801, vstest.console.dll, TestPluginCache: Executors are ''.
TpTrace Verbose: 0 : 9184, 1, 2021/08/21, 13:26:12.487, 44649001435, vstest.console.dll, TestPluginCache: Executors2 are ''.
TpTrace Verbose: 0 : 9184, 1, 2021/08/21, 13:26:12.487, 44649002005, vstest.console.dll, TestPluginCache: Setting providers are ''.
TpTrace Verbose: 0 : 9184, 1, 2021/08/21, 13:26:12.487, 44649002567, vstest.console.dll, TestPluginCache: Loggers are ''.
TpTrace Information: 0 : 9184, 1, 2021/08/21, 13:26:12.494, 44649068963, vstest.console.dll, RunTestsArgumentProcessor:Execute: Test run is starting.
TpTrace Verbose: 0 : 9184, 1, 2021/08/21, 13:26:12.494, 44649070367, vstest.console.dll, RunTestsArgumentProcessor:Execute: Queuing Test run.
TpTrace Information: 0 : 9184, 1, 2021/08/21, 13:26:12.494, 44649074452, vstest.console.dll, TestRequestManager.RunTests: run tests started.
TpTrace Information: 0 : 9184, 1, 2021/08/21, 13:26:12.554, 44649668660, vstest.console.dll, AssemblyMetadataProvider.GetFrameWork: Determined framework:'.NETCoreApp,Version=v5.0' for source: 'D:\D\Ehlimana\Documents\VVS\2021-2022\Laboratorijska Vježba 3. (Data-Driven Unit Testiranje)\PrivatnaKlinika\UnitTestovi\bin\Debug\net5.0\fine-code-coverage\build-output\UnitTestovi.dll'
TpTrace Information: 0 : 9184, 1, 2021/08/21, 13:26:12.554, 44649671449, vstest.console.dll, Determined framework for all sources: .NETCoreApp,Version=v5.0
TpTrace Information: 0 : 9184, 1, 2021/08/21, 13:26:12.555, 44649680139, vstest.console.dll, AssemblyMetadataProvider.GetArchitecture: Determined architecture:AnyCPU info for assembly: D:\D\Ehlimana\Documents\VVS\2021-2022\Laboratorijska Vježba 3. (Data-Driven Unit Testiranje)\PrivatnaKlinika\UnitTestovi\bin\Debug\net5.0\fine-code-coverage\build-output\UnitTestovi.dll
TpTrace Information: 0 : 9184, 1, 2021/08/21, 13:26:12.558, 44649713576, vstest.console.dll, Determined platform for all sources: X64
TpTrace Information: 0 : 9184, 1, 2021/08/21, 13:26:12.565, 44649780068, vstest.console.dll, Compatible sources list : 
TpTrace Information: 0 : 9184, 1, 2021/08/21, 13:26:12.565, 44649782297, vstest.console.dll, D:\D\Ehlimana\Documents\VVS\2021-2022\Laboratorijska Vježba 3. (Data-Driven Unit Testiranje)\PrivatnaKlinika\UnitTestovi\bin\Debug\net5.0\fine-code-coverage\build-output\UnitTestovi.dll
TpTrace Information: 0 : 9184, 1, 2021/08/21, 13:26:12.570, 44649827546, vstest.console.dll, InferRunSettingsHelper.IsTestSettingsEnabled: Unable to navigate to RunSettings/MSTest. Current node: RunSettings
TpTrace Information: 0 : 9184, 1, 2021/08/21, 13:26:12.571, 44649836863, vstest.console.dll, AssemblyResolver.OnResolve: Microsoft.VisualStudio.TestPlatform.Fakes: Resolving assembly.
TpTrace Information: 0 : 9184, 1, 2021/08/21, 13:26:12.571, 44649838108, vstest.console.dll, AssemblyResolver.OnResolve: Microsoft.VisualStudio.TestPlatform.Fakes: Searching in: 'C:\Program Files\dotnet\sdk\6.0.100-preview.7.21379.14\Extensions'.
TpTrace Information: 0 : 9184, 1, 2021/08/21, 13:26:12.571, 44649839980, vstest.console.dll, AssemblyResolver.OnResolve: Microsoft.VisualStudio.TestPlatform.Fakes: Assembly path does not exist: 'C:\Program Files\dotnet\sdk\6.0.100-preview.7.21379.14\Extensions\Microsoft.VisualStudio.TestPlatform.Fakes.dll', returning.
TpTrace Information: 0 : 9184, 1, 2021/08/21, 13:26:12.571, 44649841498, vstest.console.dll, AssemblyResolver.OnResolve: Microsoft.VisualStudio.TestPlatform.Fakes: Assembly path does not exist: 'C:\Program Files\dotnet\sdk\6.0.100-preview.7.21379.14\Extensions\Microsoft.VisualStudio.TestPlatform.Fakes.exe', returning.
TpTrace Information: 0 : 9184, 1, 2021/08/21, 13:26:12.571, 44649842325, vstest.console.dll, AssemblyResolver.OnResolve: Microsoft.VisualStudio.TestPlatform.Fakes: Searching in: 'C:\Program Files\dotnet\sdk\6.0.100-preview.7.21379.14'.
TpTrace Information: 0 : 9184, 1, 2021/08/21, 13:26:12.571, 44649844052, vstest.console.dll, AssemblyResolver.OnResolve: Microsoft.VisualStudio.TestPlatform.Fakes: Assembly path does not exist: 'C:\Program Files\dotnet\sdk\6.0.100-preview.7.21379.14\Microsoft.VisualStudio.TestPlatform.Fakes.dll', returning.
TpTrace Information: 0 : 9184, 1, 2021/08/21, 13:26:12.572, 44649845504, vstest.console.dll, AssemblyResolver.OnResolve: Microsoft.VisualStudio.TestPlatform.Fakes: Assembly path does not exist: 'C:\Program Files\dotnet\sdk\6.0.100-preview.7.21379.14\Microsoft.VisualStudio.TestPlatform.Fakes.exe', returning.
TpTrace Information: 0 : 9184, 1, 2021/08/21, 13:26:12.572, 44649846106, vstest.console.dll, AssemblyResolver.OnResolve: Microsoft.VisualStudio.TestPlatform.Fakes: Failed to load assembly.
TpTrace Information: 0 : 9184, 1, 2021/08/21, 13:26:12.572, 44649849794, vstest.console.dll, Failed to load assembly Microsoft.VisualStudio.TestPlatform.Fakes, Version=17.0.0.0, Culture=neutral. Reason:System.IO.FileNotFoundException: Could not load file or assembly 'Microsoft.VisualStudio.TestPlatform.Fakes, Version=17.0.0.0, Culture=neutral, PublicKeyToken=null'. The system cannot find the file specified.
File name: 'Microsoft.VisualStudio.TestPlatform.Fakes, Version=17.0.0.0, Culture=neutral, PublicKeyToken=null'
   at System.Reflection.RuntimeAssembly.InternalLoad(ObjectHandleOnStack assemblyName, ObjectHandleOnStack requestingAssembly, StackCrawlMarkHandle stackMark, Boolean throwOnFileNotFound, ObjectHandleOnStack assemblyLoadContext, ObjectHandleOnStack retAssembly) in System.Private.CoreLib.dll:token 0x600534c+0x8
   at System.Reflection.RuntimeAssembly.InternalLoad(AssemblyName assemblyName, RuntimeAssembly requestingAssembly, StackCrawlMark& stackMark, Boolean throwOnFileNotFound, AssemblyLoadContext assemblyLoadContext) in System.Private.CoreLib.dll:token 0x600534b+0x16
   at System.Reflection.Assembly.Load(AssemblyName assemblyRef) in System.Private.CoreLib.dll:token 0x6005142+0xe
   at Microsoft.VisualStudio.TestPlatform.Common.Utilities.FakesUtilities.LoadTestPlatformAssembly() in Microsoft.VisualStudio.TestPlatform.Common.dll:token 0x600007c+0xa
TpTrace Verbose: 0 : 9184, 1, 2021/08/21, 13:26:12.576, 44649891522, vstest.console.dll, TestPluginCache.DiscoverTestExtensions: finding test extensions in assemblies ends with: TestLogger.dll TPluginInfo: Microsoft.VisualStudio.TestPlatform.Common.ExtensionFramework.Utilities.TestLoggerPluginInformation TExtension: Microsoft.VisualStudio.TestPlatform.ObjectModel.Client.ITestLogger
TpTrace Verbose: 0 : 9184, 1, 2021/08/21, 13:26:12.576, 44649892802, vstest.console.dll, TestPluginCache.GetExtensionPaths: Filtered extension paths: 
TpTrace Verbose: 0 : 9184, 1, 2021/08/21, 13:26:12.576, 44649893337, vstest.console.dll, TestPluginCache.GetExtensionPaths: Added default extension paths: C:\Program Files\dotnet\sdk\6.0.100-preview.7.21379.14\Extensions\Microsoft.Diagnostics.NETCore.Client.dll
C:\Program Files\dotnet\sdk\6.0.100-preview.7.21379.14\Extensions\Microsoft.TestPlatform.Extensions.BlameDataCollector.dll
C:\Program Files\dotnet\sdk\6.0.100-preview.7.21379.14\Extensions\Microsoft.TestPlatform.Extensions.EventLogCollector.dll
C:\Program Files\dotnet\sdk\6.0.100-preview.7.21379.14\Extensions\Microsoft.TestPlatform.TestHostRuntimeProvider.dll
C:\Program Files\dotnet\sdk\6.0.100-preview.7.21379.14\Extensions\Microsoft.VisualStudio.TestPlatform.Extensions.Html.TestLogger.dll
C:\Program Files\dotnet\sdk\6.0.100-preview.7.21379.14\Extensions\Microsoft.VisualStudio.TestPlatform.Extensions.Trx.TestLogger.dll
TpTrace Verbose: 0 : 9184, 1, 2021/08/21, 13:26:12.576, 44649893883, vstest.console.dll, TestPluginCache.GetExtensionPaths: Added unfilterableExtensionPaths: 
TpTrace Information: 0 : 9184, 1, 2021/08/21, 13:26:12.577, 44649895724, vstest.console.dll, AssemblyResolver.AddSearchDirectories: Adding more searchDirectories C:\Program Files\dotnet\sdk\6.0.100-preview.7.21379.14\Extensions,C:\Program Files\dotnet\sdk\6.0.100-preview.7.21379.14
TpTrace Verbose: 0 : 9184, 1, 2021/08/21, 13:26:12.577, 44649896618, vstest.console.dll, TestPluginCache.DiscoverTestExtensions: Discovering the extensions using extension path.
TpTrace Verbose: 0 : 9184, 1, 2021/08/21, 13:26:12.577, 44649897152, vstest.console.dll, TestPluginCache.GetExtensionPaths: Filtered extension paths: 
TpTrace Verbose: 0 : 9184, 1, 2021/08/21, 13:26:12.577, 44649897603, vstest.console.dll, TestPluginCache.GetExtensionPaths: Added default extension paths: C:\Program Files\dotnet\sdk\6.0.100-preview.7.21379.14\Extensions\Microsoft.Diagnostics.NETCore.Client.dll
C:\Program Files\dotnet\sdk\6.0.100-preview.7.21379.14\Extensions\Microsoft.TestPlatform.Extensions.BlameDataCollector.dll
C:\Program Files\dotnet\sdk\6.0.100-preview.7.21379.14\Extensions\Microsoft.TestPlatform.Extensions.EventLogCollector.dll
C:\Program Files\dotnet\sdk\6.0.100-preview.7.21379.14\Extensions\Microsoft.TestPlatform.TestHostRuntimeProvider.dll
C:\Program Files\dotnet\sdk\6.0.100-preview.7.21379.14\Extensions\Microsoft.VisualStudio.TestPlatform.Extensions.Html.TestLogger.dll
C:\Program Files\dotnet\sdk\6.0.100-preview.7.21379.14\Extensions\Microsoft.VisualStudio.TestPlatform.Extensions.Trx.TestLogger.dll
TpTrace Verbose: 0 : 9184, 1, 2021/08/21, 13:26:12.577, 44649898112, vstest.console.dll, TestPluginCache.GetExtensionPaths: Added unfilterableExtensionPaths: 
TpTrace Verbose: 0 : 9184, 1, 2021/08/21, 13:26:12.577, 44649898579, vstest.console.dll, TestPluginCache.DiscoverTestExtensions: Discovering the extensions using allExtensionPaths: C:\Program Files\dotnet\sdk\6.0.100-preview.7.21379.14\Extensions\Microsoft.Diagnostics.NETCore.Client.dll
C:\Program Files\dotnet\sdk\6.0.100-preview.7.21379.14\Extensions\Microsoft.TestPlatform.Extensions.BlameDataCollector.dll
C:\Program Files\dotnet\sdk\6.0.100-preview.7.21379.14\Extensions\Microsoft.TestPlatform.Extensions.EventLogCollector.dll
C:\Program Files\dotnet\sdk\6.0.100-preview.7.21379.14\Extensions\Microsoft.TestPlatform.TestHostRuntimeProvider.dll
C:\Program Files\dotnet\sdk\6.0.100-preview.7.21379.14\Extensions\Microsoft.VisualStudio.TestPlatform.Extensions.Html.TestLogger.dll
C:\Program Files\dotnet\sdk\6.0.100-preview.7.21379.14\Extensions\Microsoft.VisualStudio.TestPlatform.Extensions.Trx.TestLogger.dll
TpTrace Information: 0 : 9184, 1, 2021/08/21, 13:26:12.577, 44649899282, vstest.console.dll, AssemblyResolver.AddSearchDirectories: Adding more searchDirectories C:\Program Files\dotnet\sdk\6.0.100-preview.7.21379.14\Extensions,C:\Program Files\dotnet\sdk\6.0.100-preview.7.21379.14
TpTrace Information: 0 : 9184, 1, 2021/08/21, 13:26:12.577, 44649899787, vstest.console.dll, AssemblyResolver.AddSearchDirectories: Adding more searchDirectories C:\Program Files\dotnet\sdk\6.0.100-preview.7.21379.14\Extensions,C:\Program Files\dotnet\sdk\6.0.100-preview.7.21379.14
TpTrace Information: 0 : 9184, 1, 2021/08/21, 13:26:12.577, 44649900287, vstest.console.dll, AssemblyResolver.AddSearchDirectories: Adding more searchDirectories C:\Program Files\dotnet\sdk\6.0.100-preview.7.21379.14\Extensions,C:\Program Files\dotnet\sdk\6.0.100-preview.7.21379.14
TpTrace Information: 0 : 9184, 1, 2021/08/21, 13:26:12.589, 44650022967, vstest.console.dll, AssemblyResolver.AddSearchDirectories: Adding more searchDirectories C:\Program Files\dotnet\sdk\6.0.100-preview.7.21379.14\Extensions,C:\Program Files\dotnet\sdk\6.0.100-preview.7.21379.14
TpTrace Information: 0 : 9184, 1, 2021/08/21, 13:26:12.590, 44650025962, vstest.console.dll, AssemblyResolver.AddSearchDirectories: Adding more searchDirectories C:\Program Files\dotnet\sdk\6.0.100-preview.7.21379.14\Extensions,C:\Program Files\dotnet\sdk\6.0.100-preview.7.21379.14
TpTrace Information: 0 : 9184, 1, 2021/08/21, 13:26:12.590, 44650027623, vstest.console.dll, AssemblyResolver.AddSearchDirectories: Adding more searchDirectories C:\Program Files\dotnet\sdk\6.0.100-preview.7.21379.14\Extensions,C:\Program Files\dotnet\sdk\6.0.100-preview.7.21379.14
TpTrace Information: 0 : 9184, 1, 2021/08/21, 13:26:12.591, 44650034725, vstest.console.dll, AssemblyResolver.OnResolve: Microsoft.Bcl.AsyncInterfaces: Resolving assembly.
TpTrace Information: 0 : 9184, 1, 2021/08/21, 13:26:12.591, 44650036615, vstest.console.dll, AssemblyResolver.OnResolve: Microsoft.Bcl.AsyncInterfaces: Resolved from cache.
TpTrace Verbose: 0 : 9184, 1, 2021/08/21, 13:26:12.591, 44650039201, vstest.console.dll, CurrentDomainAssemblyResolve: Resolving assembly 'Microsoft.Bcl.AsyncInterfaces'.
TpTrace Information: 0 : 9184, 1, 2021/08/21, 13:26:12.591, 44650041967, vstest.console.dll, AssemblyResolver.OnResolve: Microsoft.Bcl.AsyncInterfaces: Resolving assembly.
TpTrace Information: 0 : 9184, 1, 2021/08/21, 13:26:12.591, 44650044137, vstest.console.dll, AssemblyResolver.OnResolve: Microsoft.Bcl.AsyncInterfaces: Resolved from cache.
TpTrace Verbose: 0 : 9184, 1, 2021/08/21, 13:26:12.592, 44650047494, vstest.console.dll, CurrentDomainAssemblyResolve: Resolving assembly 'Microsoft.Bcl.AsyncInterfaces'.
TpTrace Verbose: 0 : 9184, 1, 2021/08/21, 13:26:12.592, 44650049759, vstest.console.dll, CurrentDomainAssemblyResolve: Failed to resolve assembly 'Microsoft.Bcl.AsyncInterfaces'.
TpTrace Verbose: 0 : 9184, 1, 2021/08/21, 13:26:12.592, 44650054012, vstest.console.dll, CurrentDomainAssemblyResolve: Failed to resolve assembly 'Microsoft.Bcl.AsyncInterfaces'.
TpTrace Warning: 0 : 9184, 1, 2021/08/21, 13:26:12.593, 44650063077, vstest.console.dll, TestPluginDiscoverer: Failed to get types from assembly 'Microsoft.Diagnostics.NETCore.Client, Version=0.2.4.21401, Culture=neutral, PublicKeyToken=31bf3856ad364e35'.  Skipping test extension scan for this assembly.  Error: System.Reflection.ReflectionTypeLoadException: Unable to load one or more of the requested types.
Could not load file or assembly 'Microsoft.Bcl.AsyncInterfaces, Version=1.0.0.0, Culture=neutral, PublicKeyToken=cc7b13ffcd2ddd51'. The system cannot find the file specified.
   at System.Reflection.RuntimeModule.GetTypes(RuntimeModule module)
   at System.Reflection.Assembly.GetTypes() in System.Private.CoreLib.dll:token 0x600514d+0x0
   at Microsoft.VisualStudio.TestPlatform.Common.ExtensionFramework.TestPluginDiscoverer.GetTestExtensionsFromAssembly[TPluginInfo,TExtension](Assembly assembly, Dictionary`2 pluginInfos) in Microsoft.VisualStudio.TestPlatform.Common.dll:token 0x60001af+0x1a
System.IO.FileNotFoundException: Could not load file or assembly 'Microsoft.Bcl.AsyncInterfaces, Version=1.0.0.0, Culture=neutral, PublicKeyToken=cc7b13ffcd2ddd51'. The system cannot find the file specified.
File name: 'Microsoft.Bcl.AsyncInterfaces, Version=1.0.0.0, Culture=neutral, PublicKeyToken=cc7b13ffcd2ddd51'
 ---> System.IO.FileNotFoundException: Could not load file or assembly 'Microsoft.Bcl.AsyncInterfaces, Culture=neutral, PublicKeyToken=null'. The system cannot find the file specified.
File name: 'Microsoft.Bcl.AsyncInterfaces, Culture=neutral, PublicKeyToken=null'
   at System.Reflection.RuntimeAssembly.InternalLoad(ObjectHandleOnStack assemblyName, ObjectHandleOnStack requestingAssembly, StackCrawlMarkHandle stackMark, Boolean throwOnFileNotFound, ObjectHandleOnStack assemblyLoadContext, ObjectHandleOnStack retAssembly) in System.Private.CoreLib.dll:token 0x600534c+0x8
   at System.Reflection.RuntimeAssembly.InternalLoad(AssemblyName assemblyName, RuntimeAssembly requestingAssembly, StackCrawlMark& stackMark, Boolean throwOnFileNotFound, AssemblyLoadContext assemblyLoadContext) in System.Private.CoreLib.dll:token 0x600534b+0x16
   at System.Reflection.Assembly.Load(AssemblyName assemblyRef) in System.Private.CoreLib.dll:token 0x6005142+0xe
   at Microsoft.VisualStudio.TestPlatform.Common.ExtensionFramework.TestPluginCache.CurrentDomainAssemblyResolve(Object sender, AssemblyResolveEventArgs args) in Microsoft.VisualStudio.TestPlatform.Common.dll:token 0x60001a9+0x64
   at Microsoft.VisualStudio.TestPlatform.PlatformAbstractions.PlatformAssemblyResolver.AssemblyResolverEvent(Object sender, Object eventArgs) in Microsoft.TestPlatform.PlatformAbstractions.dll:token 0x600004a+0x1c
   at System.Runtime.Loader.AssemblyLoadContext.GetFirstResolvedAssemblyFromResolvingEvent(AssemblyName assemblyName) in System.Private.CoreLib.dll:token 0x6003b3f+0x24
   at System.Runtime.Loader.AssemblyLoadContext.ResolveUsingEvent(AssemblyName assemblyName) in System.Private.CoreLib.dll:token 0x6003b42+0x7
   at System.Runtime.Loader.AssemblyLoadContext.ResolveUsingResolvingEvent(IntPtr gchManagedAssemblyLoadContext, AssemblyName assemblyName) in System.Private.CoreLib.dll:token 0x6003b03+0x7
TpTrace Warning: 0 : 9184, 1, 2021/08/21, 13:26:12.594, 44650066723, vstest.console.dll, LoaderExceptions: System.IO.FileNotFoundException: Could not load file or assembly 'Microsoft.Bcl.AsyncInterfaces, Version=1.0.0.0, Culture=neutral, PublicKeyToken=cc7b13ffcd2ddd51'. The system cannot find the file specified.
File name: 'Microsoft.Bcl.AsyncInterfaces, Version=1.0.0.0, Culture=neutral, PublicKeyToken=cc7b13ffcd2ddd51'
 ---> System.IO.FileNotFoundException: Could not load file or assembly 'Microsoft.Bcl.AsyncInterfaces, Culture=neutral, PublicKeyToken=null'. The system cannot find the file specified.
File name: 'Microsoft.Bcl.AsyncInterfaces, Culture=neutral, PublicKeyToken=null'
   at System.Reflection.RuntimeAssembly.InternalLoad(ObjectHandleOnStack assemblyName, ObjectHandleOnStack requestingAssembly, StackCrawlMarkHandle stackMark, Boolean throwOnFileNotFound, ObjectHandleOnStack assemblyLoadContext, ObjectHandleOnStack retAssembly) in System.Private.CoreLib.dll:token 0x600534c+0x8
   at System.Reflection.RuntimeAssembly.InternalLoad(AssemblyName assemblyName, RuntimeAssembly requestingAssembly, StackCrawlMark& stackMark, Boolean throwOnFileNotFound, AssemblyLoadContext assemblyLoadContext) in System.Private.CoreLib.dll:token 0x600534b+0x16
   at System.Reflection.Assembly.Load(AssemblyName assemblyRef) in System.Private.CoreLib.dll:token 0x6005142+0xe
   at Microsoft.VisualStudio.TestPlatform.Common.ExtensionFramework.TestPluginCache.CurrentDomainAssemblyResolve(Object sender, AssemblyResolveEventArgs args) in Microsoft.VisualStudio.TestPlatform.Common.dll:token 0x60001a9+0x64
   at Microsoft.VisualStudio.TestPlatform.PlatformAbstractions.PlatformAssemblyResolver.AssemblyResolverEvent(Object sender, Object eventArgs) in Microsoft.TestPlatform.PlatformAbstractions.dll:token 0x600004a+0x1c
   at System.Runtime.Loader.AssemblyLoadContext.GetFirstResolvedAssemblyFromResolvingEvent(AssemblyName assemblyName) in System.Private.CoreLib.dll:token 0x6003b3f+0x24
   at System.Runtime.Loader.AssemblyLoadContext.ResolveUsingEvent(AssemblyName assemblyName) in System.Private.CoreLib.dll:token 0x6003b42+0x7
   at System.Runtime.Loader.AssemblyLoadContext.ResolveUsingResolvingEvent(IntPtr gchManagedAssemblyLoadContext, AssemblyName assemblyName) in System.Private.CoreLib.dll:token 0x6003b03+0x7
TpTrace Verbose: 0 : 9184, 1, 2021/08/21, 13:26:12.595, 44650075173, vstest.console.dll, TestPluginCache: Discovered the extensions using extension path ''.
TpTrace Verbose: 0 : 9184, 1, 2021/08/21, 13:26:12.595, 44650076389, vstest.console.dll, TestPluginCache: Discoverers are ''.
TpTrace Verbose: 0 : 9184, 1, 2021/08/21, 13:26:12.595, 44650077064, vstest.console.dll, TestPluginCache: Executors are ''.
TpTrace Verbose: 0 : 9184, 1, 2021/08/21, 13:26:12.595, 44650077644, vstest.console.dll, TestPluginCache: Executors2 are ''.
TpTrace Verbose: 0 : 9184, 1, 2021/08/21, 13:26:12.595, 44650078324, vstest.console.dll, TestPluginCache: Setting providers are ''.
TpTrace Verbose: 0 : 9184, 1, 2021/08/21, 13:26:12.595, 44650079739, vstest.console.dll, TestPluginCache: Loggers are 'logger://Microsoft/TestPlatform/Extensions/Blame/v1,logger://Microsoft/TestPlatform/HtmlLogger/v1,logger://Microsoft/TestPlatform/TrxLogger/v1'.
TpTrace Information: 0 : 9184, 1, 2021/08/21, 13:26:12.596, 44650090100, vstest.console.dll, TestPluginManager.CreateTestExtension: Attempting to load test extension: Microsoft.TestPlatform.Extensions.BlameDataCollector.BlameLogger
TpTrace Information: 0 : 9184, 1, 2021/08/21, 13:26:12.604, 44650170113, vstest.console.dll, TestPluginManager.CreateTestExtension: Attempting to load test extension: Microsoft.VisualStudio.TestPlatform.CrossPlatEngine.Hosting.DefaultTestHostManager
TpTrace Information: 0 : 9184, 1, 2021/08/21, 13:26:12.604, 44650174204, vstest.console.dll, TestPluginManager.CreateTestExtension: Attempting to load test extension: Microsoft.VisualStudio.TestPlatform.CrossPlatEngine.Hosting.DotnetTestHostManager
TpTrace Verbose: 0 : 9184, 1, 2021/08/21, 13:26:12.606, 44650186702, vstest.console.dll, TestEngine: Initializing Parallel Execution as MaxCpuCount is set to: 1
TpTrace Information: 0 : 9184, 1, 2021/08/21, 13:26:12.607, 44650198932, vstest.console.dll, InferRunSettingsHelper.IsTestSettingsEnabled: Unable to navigate to RunSettings/MSTest. Current node: RunSettings
TpTrace Verbose: 0 : 9184, 1, 2021/08/21, 13:26:12.623, 44650360741, vstest.console.dll, TestRequestSender is acting as server
TpTrace Verbose: 0 : 9184, 5, 2021/08/21, 13:26:12.627, 44650400116, vstest.console.dll, DataCollectionRequestSender.InitializeCommunication : Initialize communication. 
TpTrace Information: 0 : 9184, 5, 2021/08/21, 13:26:12.634, 44650465817, vstest.console.dll, Listening on Endpoint : 127.0.0.1:61450
TpTrace Verbose: 0 : 9184, 5, 2021/08/21, 13:26:12.645, 44650580094, vstest.console.dll, DotnetDataCollectionLauncher: Full path of dotnet.exe is C:\Program Files\dotnet\dotnet.exe
TpTrace Verbose: 0 : 9184, 5, 2021/08/21, 13:26:12.645, 44650582191, vstest.console.dll, DotnetDataCollectionLauncher: Adding  --runtimeconfig "C:\Program Files\dotnet\sdk\6.0.100-preview.7.21379.14\datacollector.runtimeconfig.json" in args
TpTrace Verbose: 0 : 9184, 5, 2021/08/21, 13:26:12.645, 44650583228, vstest.console.dll, DotnetDataCollectionLauncher: Adding  --depsfile "C:\Program Files\dotnet\sdk\6.0.100-preview.7.21379.14\datacollector.deps.json" in args
TpTrace Information: 0 : 9184, 5, 2021/08/21, 13:26:12.656, 44650688358, vstest.console.dll, ProxyDataCollectionManager.Initialize: Launched datacollector processId: 11348 port: 61450
TpTrace Information: 0 : 9184, 5, 2021/08/21, 13:26:12.656, 44650691288, vstest.console.dll, ProxyDataCollectionManager.Initialize: waiting for connection with timeout: 90 seconds
TpTrace Verbose: 0 : 9184, 5, 2021/08/21, 13:26:12.656, 44650692557, vstest.console.dll, DataCollectionRequestSender.WaitForRequestHandlerConnection : Waiting for connection with timeout: 90000
TpTrace Information: 0 : 9184, 8, 2021/08/21, 13:26:12.814, 44652266325, vstest.console.dll, Using the buffer size of 16384 bytes
TpTrace Verbose: 0 : 9184, 5, 2021/08/21, 13:26:12.814, 44652266856, vstest.console.dll, ProxyDataCollectionManager.InvokeDataCollectionServiceAction: Starting.
TpTrace Information: 0 : 9184, 8, 2021/08/21, 13:26:12.814, 44652267892, vstest.console.dll, Accepted Client request and set the flag
TpTrace Information: 0 : 9184, 5, 2021/08/21, 13:26:12.814, 44652269407, vstest.console.dll, ProxyDataCollectionManager.BeforeTestRunStart: Get environment variable and port for datacollector processId: 11348 port: 61450
TpTrace Verbose: 0 : 9184, 5, 2021/08/21, 13:26:12.814, 44652271524, vstest.console.dll, DataCollectionRequestSender.SendBeforeTestRunStartAndGetResult : Send BeforeTestRunStart message with settingsXml <RunSettings><RunConfiguration><ResultsDirectory>D:\D\Ehlimana\Documents\VVS\2021-2022\Laboratorijska Vježba 3. (Data-Driven Unit Testiranje)\PrivatnaKlinika\UnitTestovi\bin\Debug\net5.0\fine-code-coverage\coverage-tool-output</ResultsDirectory><TargetPlatform>X64</TargetPlatform><TargetFrameworkVersion>.NETCoreApp,Version=v5.0</TargetFrameworkVersion><DesignMode>False</DesignMode><CollectSourceInformation>False</CollectSourceInformation><TestAdaptersPaths>C:\Program Files\dotnet\sdk\6.0.100-preview.7.21379.14\Extensions</TestAdaptersPaths></RunConfiguration><LoggerRunSettings><Loggers><Logger friendlyName="blame" enabled="True" /><Logger friendlyName="Console" uri="logger://microsoft/TestPlatform/ConsoleLogger/v1" assemblyQualifiedName="Microsoft.VisualStudio.TestPlatform.CommandLine.Internal.ConsoleLogger, vstest.console, Version=15.0.0.0, Culture=neutral, PublicKeyToken=b03f5f7f11d50a3a" codeBase="C:\Program Files\dotnet\sdk\6.0.100-preview.7.21379.14\vstest.console.dll" enabled="True" /></Loggers></LoggerRunSettings><DataCollectionRunSettings><DataCollectors><DataCollector friendlyName="blame" enabled="True"><Configuration><ResultsDirectory>D:\D\Ehlimana\Documents\VVS\2021-2022\Laboratorijska Vježba 3. (Data-Driven Unit Testiranje)\PrivatnaKlinika\UnitTestovi\bin\Debug\net5.0\fine-code-coverage\coverage-tool-output</ResultsDirectory></Configuration></DataCollector></DataCollectors></DataCollectionRunSettings></RunSettings> and sources System.Linq.Enumerable+Concat2Iterator`1[System.String]: 
TpTrace Verbose: 0 : 9184, 5, 2021/08/21, 13:26:12.949, 44653616572, vstest.console.dll, DataCollectionRequestSender.SendBeforeTestRunStartAndGetResult : Received message: (DataCollection.SendMessage) -> {
  "FriendlyName": null,
  "Uri": null,
  "TestCaseId": "00000000-0000-0000-0000-000000000000",
  "Message": "Logging DataCollector Diagnostics in file: D:\\D\\Ehlimana\\Documents\\VVS\\2021-2022\\Laboratorijska Vježba 3. (Data-Driven Unit Testiranje)\\PrivatnaKlinika\\UnitTestovi\\bin\\Debug\\net5.0\\fine-code-coverage\\coverage-tool-output\\diagnostics.datacollector.21-08-21_13-26-12_64156_5.log",
  "Level": 0
}
TpTrace Verbose: 0 : 9184, 5, 2021/08/21, 13:26:13.030, 44654430312, vstest.console.dll, DataCollectionRequestSender.SendBeforeTestRunStartAndGetResult : Received message: (DataCollection.BeforeTestRunStartResult) -> {
  "EnvironmentVariables": {},
  "DataCollectionEventsPort": 61452
}
TpTrace Information: 0 : 9184, 5, 2021/08/21, 13:26:13.036, 44654486933, vstest.console.dll, ProxyDataCollectionManager.BeforeTestRunStart: SendBeforeTestRunStartAndGetResult successful, env variable from datacollector:   and testhost port: 61452
TpTrace Information: 0 : 9184, 5, 2021/08/21, 13:26:13.036, 44654488304, vstest.console.dll, ProxyDataCollectionManager.InvokeDataCollectionServiceAction: Completed.
TpTrace Verbose: 0 : 9184, 1, 2021/08/21, 13:26:13.036, 44654490124, vstest.console.dll, TestRunRequest.ExecuteAsync: Creating test run request.
TpTrace Verbose: 0 : 9184, 1, 2021/08/21, 13:26:13.036, 44654493410, vstest.console.dll, TestRunRequest.ExecuteAsync: Starting.
TpTrace Information: 0 : 9184, 1, 2021/08/21, 13:26:13.037, 44654496959, vstest.console.dll, TestRunRequest.ExecuteAsync: Starting run with settings:TestRunCriteria:
   KeepAlive=False,FrequencyOfRunStatsChangeEvent=10,RunStatsChangeEventTimeout=00:00:01.5000000,TestCaseFilter=,TestExecutorLauncher=
   Settingsxml=<RunSettings>
  <RunConfiguration>
    <ResultsDirectory>D:\D\Ehlimana\Documents\VVS\2021-2022\Laboratorijska Vježba 3. (Data-Driven Unit Testiranje)\PrivatnaKlinika\UnitTestovi\bin\Debug\net5.0\fine-code-coverage\coverage-tool-output</ResultsDirectory>
    <TargetPlatform>X64</TargetPlatform>
    <TargetFrameworkVersion>.NETCoreApp,Version=v5.0</TargetFrameworkVersion>
    <DesignMode>False</DesignMode>
    <CollectSourceInformation>False</CollectSourceInformation>
  </RunConfiguration>
  <LoggerRunSettings>
    <Loggers>
      <Logger friendlyName="blame" enabled="True" />
      <Logger friendlyName="Console" uri="logger://microsoft/TestPlatform/ConsoleLogger/v1" assemblyQualifiedName="Microsoft.VisualStudio.TestPlatform.CommandLine.Internal.ConsoleLogger, vstest.console, Version=15.0.0.0, Culture=neutral, PublicKeyToken=b03f5f7f11d50a3a" codeBase="C:\Program Files\dotnet\sdk\6.0.100-preview.7.21379.14\vstest.console.dll" enabled="True" />
    </Loggers>
  </LoggerRunSettings>
  <DataCollectionRunSettings>
    <DataCollectors>
      <DataCollector friendlyName="blame" enabled="True">
        <Configuration>
          <ResultsDirectory>D:\D\Ehlimana\Documents\VVS\2021-2022\Laboratorijska Vježba 3. (Data-Driven Unit Testiranje)\PrivatnaKlinika\UnitTestovi\bin\Debug\net5.0\fine-code-coverage\coverage-tool-output</ResultsDirectory>
        </Configuration>
      </DataCollector>
    </DataCollectors>
  </DataCollectionRunSettings>
</RunSettings>

TpTrace Verbose: 0 : 9184, 1, 2021/08/21, 13:26:13.037, 44654497732, vstest.console.dll, TestRunRequest.ExecuteAsync: Wait for the first run request is over.
TpTrace Verbose: 0 : 9184, 1, 2021/08/21, 13:26:13.037, 44654502830, vstest.console.dll, ParallelProxyExecutionManager: Start execution. Total sources: 1
TpTrace Information: 0 : 9184, 1, 2021/08/21, 13:26:13.038, 44654513816, vstest.console.dll, ProxyParallelExecutionManager: Triggering test run for next source: D:\D\Ehlimana\Documents\VVS\2021-2022\Laboratorijska Vježba 3. (Data-Driven Unit Testiranje)\PrivatnaKlinika\UnitTestovi\bin\Debug\net5.0\fine-code-coverage\build-output\UnitTestovi.dll
TpTrace Verbose: 0 : 9184, 5, 2021/08/21, 13:26:13.039, 44654516331, vstest.console.dll, ParallelProxyExecutionManager: Execution started. Started clients: 1
TpTrace Verbose: 0 : 9184, 1, 2021/08/21, 13:26:13.039, 44654518734, vstest.console.dll, ProxyParallelExecutionManager: No sources available for execution.
TpTrace Information: 0 : 9184, 1, 2021/08/21, 13:26:13.039, 44654520054, vstest.console.dll, TestRunRequest.ExecuteAsync: Started.
TpTrace Verbose: 0 : 9184, 1, 2021/08/21, 13:26:13.039, 44654521709, vstest.console.dll, TestRunRequest.WaitForCompletion: Waiting with timeout -1.
TpTrace Verbose: 0 : 9184, 5, 2021/08/21, 13:26:13.039, 44654521690, vstest.console.dll, TestRunRequest:SendTestRunMessage: Starting.
TpTrace Information: 0 : 9184, 5, 2021/08/21, 13:26:13.040, 44654525057, vstest.console.dll, TestRunRequest:SendTestRunMessage: Completed.
TpTrace Verbose: 0 : 9184, 5, 2021/08/21, 13:26:13.040, 44654528300, vstest.console.dll, ProxyExecutionManager: Test host is always Lazy initialize.
TpTrace Verbose: 0 : 9184, 5, 2021/08/21, 13:26:13.040, 44654531081, vstest.console.dll, TestRequestSender.InitializeCommunication: initialize communication. 
TpTrace Information: 0 : 9184, 5, 2021/08/21, 13:26:13.041, 44654536679, vstest.console.dll, SocketServer.Start: Listening on endpoint : 127.0.0.1:61453
TpTrace Verbose: 0 : 9184, 5, 2021/08/21, 13:26:13.041, 44654544174, vstest.console.dll, DotnetTestHostmanager: Adding  --runtimeconfig "D:\D\Ehlimana\Documents\VVS\2021-2022\Laboratorijska Vježba 3. (Data-Driven Unit Testiranje)\PrivatnaKlinika\UnitTestovi\bin\Debug\net5.0\fine-code-coverage\build-output\UnitTestovi.runtimeconfig.json" in args
TpTrace Verbose: 0 : 9184, 5, 2021/08/21, 13:26:13.042, 44654545117, vstest.console.dll, DotnetTestHostmanager: Adding  --depsfile "D:\D\Ehlimana\Documents\VVS\2021-2022\Laboratorijska Vježba 3. (Data-Driven Unit Testiranje)\PrivatnaKlinika\UnitTestovi\bin\Debug\net5.0\fine-code-coverage\build-output\UnitTestovi.deps.json" in args
TpTrace Verbose: 0 : 9184, 5, 2021/08/21, 13:26:13.042, 44654547171, vstest.console.dll, DotnetTestHostManager: Testhost.exe/testhost.x86.exe found at path: D:\D\Ehlimana\Documents\VVS\2021-2022\Laboratorijska Vježba 3. (Data-Driven Unit Testiranje)\PrivatnaKlinika\UnitTestovi\bin\Debug\net5.0\fine-code-coverage\build-output\testhost.exe
TpTrace Verbose: 0 : 9184, 5, 2021/08/21, 13:26:13.042, 44654547854, vstest.console.dll, DotnetTestHostmanager: Full path of host exe is D:\D\Ehlimana\Documents\VVS\2021-2022\Laboratorijska Vježba 3. (Data-Driven Unit Testiranje)\PrivatnaKlinika\UnitTestovi\bin\Debug\net5.0\fine-code-coverage\build-output\testhost.exe
TpTrace Verbose: 0 : 9184, 7, 2021/08/21, 13:26:13.043, 44654557110, vstest.console.dll, DotnetTestHostManager: Starting process 'D:\D\Ehlimana\Documents\VVS\2021-2022\Laboratorijska Vježba 3. (Data-Driven Unit Testiranje)\PrivatnaKlinika\UnitTestovi\bin\Debug\net5.0\fine-code-coverage\build-output\testhost.exe' with command line ' --runtimeconfig "D:\D\Ehlimana\Documents\VVS\2021-2022\Laboratorijska Vježba 3. (Data-Driven Unit Testiranje)\PrivatnaKlinika\UnitTestovi\bin\Debug\net5.0\fine-code-coverage\build-output\UnitTestovi.runtimeconfig.json" --depsfile "D:\D\Ehlimana\Documents\VVS\2021-2022\Laboratorijska Vježba 3. (Data-Driven Unit Testiranje)\PrivatnaKlinika\UnitTestovi\bin\Debug\net5.0\fine-code-coverage\build-output\UnitTestovi.deps.json" --port 61453 --endpoint 127.0.0.1:061453 --role client --parentprocessid 9184 --diag "D:\D\Ehlimana\Documents\VVS\2021-2022\Laboratorijska Vježba 3. (Data-Driven Unit Testiranje)\PrivatnaKlinika\UnitTestovi\bin\Debug\net5.0\fine-code-coverage\coverage-tool-output\diagnostics.host.21-08-21_13-26-13_04161_5.log" --tracelevel 4 --datacollectionport 61452 --telemetryoptedin false'
TpTrace Verbose: 0 : 9184, 7, 2021/08/21, 13:26:13.050, 44654633987, vstest.console.dll, Test Runtime launched
TpTrace Verbose: 0 : 9184, 5, 2021/08/21, 13:26:13.051, 44654642478, vstest.console.dll, TestRequestSender.WaitForRequestHandlerConnection: waiting for connection with timeout: 90000
TpTrace Verbose: 0 : 9184, 7, 2021/08/21, 13:26:13.392, 44658045433, vstest.console.dll, SocketServer.OnClientConnected: Client connected for endPoint: 127.0.0.1:61453, starting MessageLoopAsync:
TpTrace Verbose: 0 : 9184, 7, 2021/08/21, 13:26:13.392, 44658049954, vstest.console.dll, TcpClientExtensions.MessageLoopAsync: Polling on remoteEndPoint: 127.0.0.1:61454 localEndPoint: 127.0.0.1:61453
TpTrace Verbose: 0 : 9184, 7, 2021/08/21, 13:26:13.578, 44659904698, vstest.console.dll, TcpClientExtensions.MessageLoopAsync: NotifyDataAvailable remoteEndPoint: 127.0.0.1:61454 localEndPoint: 127.0.0.1:61453
TpTrace Verbose: 0 : 9184, 7, 2021/08/21, 13:26:13.578, 44659907799, vstest.console.dll, TestRequestSender.CheckVersionWithTestHost: onMessageReceived received message: (ProtocolVersion) -> 5
TpTrace Verbose: 0 : 9184, 7, 2021/08/21, 13:26:13.578, 44659912475, vstest.console.dll, TcpClientExtensions.MessageLoopAsync: Polling on remoteEndPoint: 127.0.0.1:61454 localEndPoint: 127.0.0.1:61453
TpTrace Verbose: 0 : 9184, 5, 2021/08/21, 13:26:13.578, 44659913398, vstest.console.dll, TestPluginCache.GetExtensionPaths: Filtered extension paths: 
TpTrace Verbose: 0 : 9184, 5, 2021/08/21, 13:26:13.578, 44659914514, vstest.console.dll, TestPluginCache.GetExtensionPaths: Added default extension paths: C:\Program Files\dotnet\sdk\6.0.100-preview.7.21379.14\Extensions\Microsoft.Diagnostics.NETCore.Client.dll
C:\Program Files\dotnet\sdk\6.0.100-preview.7.21379.14\Extensions\Microsoft.TestPlatform.Extensions.BlameDataCollector.dll
C:\Program Files\dotnet\sdk\6.0.100-preview.7.21379.14\Extensions\Microsoft.TestPlatform.Extensions.EventLogCollector.dll
C:\Program Files\dotnet\sdk\6.0.100-preview.7.21379.14\Extensions\Microsoft.TestPlatform.TestHostRuntimeProvider.dll
C:\Program Files\dotnet\sdk\6.0.100-preview.7.21379.14\Extensions\Microsoft.VisualStudio.TestPlatform.Extensions.Html.TestLogger.dll
C:\Program Files\dotnet\sdk\6.0.100-preview.7.21379.14\Extensions\Microsoft.VisualStudio.TestPlatform.Extensions.Trx.TestLogger.dll
TpTrace Verbose: 0 : 9184, 5, 2021/08/21, 13:26:13.579, 44659915297, vstest.console.dll, TestPluginCache.GetExtensionPaths: Added unfilterableExtensionPaths: 
TpTrace Verbose: 0 : 9184, 5, 2021/08/21, 13:26:13.583, 44659960339, vstest.console.dll, TestRequestSender.InitializeExecution: Sending initializing execution with message: {"Version":5,"MessageType":"TestExecution.Initialize","Payload":["D:\\D\\Ehlimana\\Documents\\VVS\\2021-2022\\Laboratorijska Vježba 3. (Data-Driven Unit Testiranje)\\PrivatnaKlinika\\UnitTestovi\\bin\\Debug\\net5.0\\fine-code-coverage\\build-output\\Microsoft.VisualStudio.TestPlatform.MSTest.TestAdapter.dll"]}
TpTrace Verbose: 0 : 9184, 7, 2021/08/21, 13:26:13.592, 44660046376, vstest.console.dll, TcpClientExtensions.MessageLoopAsync: NotifyDataAvailable remoteEndPoint: 127.0.0.1:61454 localEndPoint: 127.0.0.1:61453
TpTrace Verbose: 0 : 9184, 7, 2021/08/21, 13:26:13.592, 44660048978, vstest.console.dll, TestRequestSender.OnExecutionMessageReceived: Received message: {"Version":5,"MessageType":"TestSession.Message","Payload":{"MessageLevel":0,"Message":"Logging TestHost Diagnostics in file: D:\\D\\Ehlimana\\Documents\\VVS\\2021-2022\\Laboratorijska Vježba 3. (Data-Driven Unit Testiranje)\\PrivatnaKlinika\\UnitTestovi\\bin\\Debug\\net5.0\\fine-code-coverage\\coverage-tool-output\\diagnostics.host.21-08-21_13-26-13_04161_5.log"}}
TpTrace Verbose: 0 : 9184, 7, 2021/08/21, 13:26:13.595, 44660077043, vstest.console.dll, TestRunRequest:SendTestRunMessage: Starting.
TpTrace Information: 0 : 9184, 7, 2021/08/21, 13:26:13.595, 44660079417, vstest.console.dll, TestRunRequest:SendTestRunMessage: Completed.
TpTrace Verbose: 0 : 9184, 7, 2021/08/21, 13:26:13.595, 44660080313, vstest.console.dll, TcpClientExtensions.MessageLoopAsync: Polling on remoteEndPoint: 127.0.0.1:61454 localEndPoint: 127.0.0.1:61453
TpTrace Verbose: 0 : 9184, 5, 2021/08/21, 13:26:13.596, 44660087495, vstest.console.dll, TestRequestSender.StartTestRun: Sending test run with message: {"Version":5,"MessageType":"TestExecution.StartWithSources","Payload":{"AdapterSourceMap":{"_none_":["D:\\D\\Ehlimana\\Documents\\VVS\\2021-2022\\Laboratorijska Vježba 3. (Data-Driven Unit Testiranje)\\PrivatnaKlinika\\UnitTestovi\\bin\\Debug\\net5.0\\fine-code-coverage\\build-output\\UnitTestovi.dll"]},"RunSettings":"<RunSettings>\r\n  <RunConfiguration>\r\n    <ResultsDirectory>D:\\D\\Ehlimana\\Documents\\VVS\\2021-2022\\Laboratorijska Vježba 3. (Data-Driven Unit Testiranje)\\PrivatnaKlinika\\UnitTestovi\\bin\\Debug\\net5.0\\fine-code-coverage\\coverage-tool-output</ResultsDirectory>\r\n    <TargetPlatform>X64</TargetPlatform>\r\n    <TargetFrameworkVersion>.NETCoreApp,Version=v5.0</TargetFrameworkVersion>\r\n    <DesignMode>False</DesignMode>\r\n    <CollectSourceInformation>False</CollectSourceInformation>\r\n  </RunConfiguration>\r\n  <LoggerRunSettings>\r\n    <Loggers>\r\n      <Logger friendlyName=\"blame\" enabled=\"True\" />\r\n      <Logger friendlyName=\"Console\" uri=\"logger://microsoft/TestPlatform/ConsoleLogger/v1\" assemblyQualifiedName=\"Microsoft.VisualStudio.TestPlatform.CommandLine.Internal.ConsoleLogger, vstest.console, Version=15.0.0.0, Culture=neutral, PublicKeyToken=b03f5f7f11d50a3a\" codeBase=\"C:\\Program Files\\dotnet\\sdk\\6.0.100-preview.7.21379.14\\vstest.console.dll\" enabled=\"True\" />\r\n    </Loggers>\r\n  </LoggerRunSettings>\r\n  <DataCollectionRunSettings>\r\n    <DataCollectors>\r\n      <DataCollector friendlyName=\"blame\" enabled=\"True\">\r\n        <Configuration>\r\n          <ResultsDirectory>D:\\D\\Ehlimana\\Documents\\VVS\\2021-2022\\Laboratorijska Vježba 3. (Data-Driven Unit Testiranje)\\PrivatnaKlinika\\UnitTestovi\\bin\\Debug\\net5.0\\fine-code-coverage\\coverage-tool-output</ResultsDirectory>\r\n        </Configuration>\r\n      </DataCollector>\r\n    </DataCollectors>\r\n  </DataCollectionRunSettings>\r\n</RunSettings>","TestExecutionContext":{"FrequencyOfRunStatsChangeEvent":10,"RunStatsChangeEventTimeout":"00:00:01.5000000","InIsolation":false,"KeepAlive":false,"AreTestCaseLevelEventsRequired":false,"IsDebug":false,"TestCaseFilter":null,"FilterOptions":null},"Package":null}}
TpTrace Verbose: 0 : 9184, 7, 2021/08/21, 13:26:14.059, 44664718742, vstest.console.dll, TcpClientExtensions.MessageLoopAsync: NotifyDataAvailable remoteEndPoint: 127.0.0.1:61454 localEndPoint: 127.0.0.1:61453
TpTrace Verbose: 0 : 9184, 7, 2021/08/21, 13:26:14.060, 44664726698, vstest.console.dll, TestRequestSender.OnExecutionMessageReceived: Received message: {"Version":5,"MessageType":"TestExecution.StatsChange","Payload":{"NewTestResults":[{"TestCase":{"Id":"7e44f0d4-eb21-1b1c-2fc3-be77108c7e14","FullyQualifiedName":"UnitTestovi.UnitTest1.TestKonstruktoraPacijenta","DisplayName":"TestKonstruktoraPacijenta","ExecutorUri":"executor://MSTestAdapter/v2","Source":"D:\\D\\Ehlimana\\Documents\\VVS\\2021-2022\\Laboratorijska Vježba 3. (Data-Driven Unit Testiranje)\\PrivatnaKlinika\\UnitTestovi\\bin\\Debug\\net5.0\\fine-code-coverage\\build-output\\UnitTestovi.dll","CodeFilePath":null,"LineNumber":-1,"Properties":[{"Key":{"Id":"TestCase.ManagedType","Label":"ManagedType","Category":"","Description":"","Attributes":1,"ValueType":"System.String"},"Value":"UnitTestovi.UnitTest1"},{"Key":{"Id":"TestCase.ManagedMethod","Label":"ManagedMethod","Category":"","Description":"","Attributes":1,"ValueType":"System.String"},"Value":"TestKonstruktoraPacijenta(System.String,System.String,System.DateTime,System.String,System.String,System.String)"},{"Key":{"Id":"MSTestDiscoverer.TestClassName","Label":"ClassName","Category":"","Description":"","Attributes":1,"ValueType":"System.String"},"Value":"UnitTestovi.UnitTest1"},{"Key":{"Id":"TestObject.Traits","Label":"Traits","Category":"","Description":"","Attributes":5,"ValueType":"System.Collections.Generic.KeyValuePair`2[[System.String],[System.String]][]"},"Value":[]}]},"Attachments":[],"Outcome":1,"ErrorMessage":null,"ErrorStackTrace":null,"DisplayName":null,"Messages":[],"ComputerName":null,"Duration":"00:00:00.0390168","StartTime":"2021-08-21T13:26:13.896052+02:00","EndTime":"2021-08-21T13:26:13.9702278+02:00","Properties":[{"Key":{"Id":"ExecutionId","Label":"ExecutionId","Category":"","Description":"","Attributes":1,"ValueType":"System.Guid"},"Value":"398512ac-6ec5-48a8-8faf-ac2b4f6a5e43"},{"Key":{"Id":"ParentExecId","Label":"ParentExecId","Category":"","Description":"","Attributes":1,"ValueType":"System.Guid"},"Value":"00000000-0000-0000-0000-000000000000"},{"Key":{"Id":"InnerResultsCount","Label":"InnerResultsCount","Category":"","Description":"","Attributes":1,"ValueType":"System.Int32"},"Value":6}]},{"TestCase":{"Id":"7e44f0d4-eb21-1b1c-2fc3-be77108c7e14","FullyQualifiedName":"UnitTestovi.UnitTest1.TestKonstruktoraPacijenta","DisplayName":"TestKonstruktoraPacijenta","ExecutorUri":"executor://MSTestAdapter/v2","Source":"D:\\D\\Ehlimana\\Documents\\VVS\\2021-2022\\Laboratorijska Vježba 3. (Data-Driven Unit Testiranje)\\PrivatnaKlinika\\UnitTestovi\\bin\\Debug\\net5.0\\fine-code-coverage\\build-output\\UnitTestovi.dll","CodeFilePath":null,"LineNumber":-1,"Properties":[{"Key":{"Id":"TestCase.ManagedType","Label":"ManagedType","Category":"","Description":"","Attributes":1,"ValueType":"System.String"},"Value":"UnitTestovi.UnitTest1"},{"Key":{"Id":"TestCase.ManagedMethod","Label":"ManagedMethod","Category":"","Description":"","Attributes":1,"ValueType":"System.String"},"Value":"TestKonstruktoraPacijenta(System.String,System.String,System.DateTime,System.String,System.String,System.String)"},{"Key":{"Id":"MSTestDiscoverer.TestClassName","Label":"ClassName","Category":"","Description":"","Attributes":1,"ValueType":"System.String"},"Value":"UnitTestovi.UnitTest1"},{"Key":{"Id":"TestObject.Traits","Label":"Traits","Category":"","Description":"","Attributes":5,"ValueType":"System.Collections.Generic.KeyValuePair`2[[System.String],[System.String]][]"},"Value":[]}]},"Attachments":[],"Outcome":1,"ErrorMessage":null,"ErrorStackTrace":null,"DisplayName":"TestKonstruktoraPacijenta (,Prezime,1/1/1996 12:00:00 AM,0101996170001,M,ZD-01)","Messages":[],"ComputerName":null,"Duration":"00:00:00.0235354","StartTime":"2021-08-21T13:26:13.896052+02:00","EndTime":"2021-08-21T13:26:13.9702278+02:00","Properties":[{"Key":{"Id":"ExecutionId","Label":"ExecutionId","Category":"","Description":"","Attributes":1,"ValueType":"System.Guid"},"Value":"354fe270-2d94-41d3-b0e1-a4394ead565b"},{"Key":{"Id":"ParentExecId","Label":"ParentExecId","Category":"","Description":"","Attributes":1,"ValueType":"System.Guid"},"Value":"398512ac-6ec5-48a8-8faf-ac2b4f6a5e43"},{"Key":{"Id":"InnerResultsCount","Label":"InnerResultsCount","Category":"","Description":"","Attributes":1,"ValueType":"System.Int32"},"Value":0}]},{"TestCase":{"Id":"7e44f0d4-eb21-1b1c-2fc3-be77108c7e14","FullyQualifiedName":"UnitTestovi.UnitTest1.TestKonstruktoraPacijenta","DisplayName":"TestKonstruktoraPacijenta","ExecutorUri":"executor://MSTestAdapter/v2","Source":"D:\\D\\Ehlimana\\Documents\\VVS\\2021-2022\\Laboratorijska Vježba 3. (Data-Driven Unit Testiranje)\\PrivatnaKlinika\\UnitTestovi\\bin\\Debug\\net5.0\\fine-code-coverage\\build-output\\UnitTestovi.dll","CodeFilePath":null,"LineNumber":-1,"Properties":[{"Key":{"Id":"TestCase.ManagedType","Label":"ManagedType","Category":"","Description":"","Attributes":1,"ValueType":"System.String"},"Value":"UnitTestovi.UnitTest1"},{"Key":{"Id":"TestCase.ManagedMethod","Label":"ManagedMethod","Category":"","Description":"","Attributes":1,"ValueType":"System.String"},"Value":"TestKonstruktoraPacijenta(System.String,System.String,System.DateTime,System.String,System.String,System.String)"},{"Key":{"Id":"MSTestDiscoverer.TestClassName","Label":"ClassName","Category":"","Description":"","Attributes":1,"ValueType":"System.String"},"Value":"UnitTestovi.UnitTest1"},{"Key":{"Id":"TestObject.Traits","Label":"Traits","Category":"","Description":"","Attributes":5,"ValueType":"System.Collections.Generic.KeyValuePair`2[[System.String],[System.String]][]"},"Value":[]}]},"Attachments":[],"Outcome":1,"ErrorMessage":null,"ErrorStackTrace":null,"DisplayName":"TestKonstruktoraPacijenta (Ime,,1/1/1996 12:00:00 AM,0101996170001,M,ZD-01)","Messages":[],"ComputerName":null,"Duration":"00:00:00.0005606","StartTime":"2021-08-21T13:26:13.896052+02:00","EndTime":"2021-08-21T13:26:13.9702278+02:00","Properties":[{"Key":{"Id":"ExecutionId","Label":"ExecutionId","Category":"","Description":"","Attributes":1,"ValueType":"System.Guid"},"Value":"3338bd97-ddd6-4b20-960f-969d045c0279"},{"Key":{"Id":"ParentExecId","Label":"ParentExecId","Category":"","Description":"","Attributes":1,"ValueType":"System.Guid"},"Value":"398512ac-6ec5-48a8-8faf-ac2b4f6a5e43"},{"Key":{"Id":"InnerResultsCount","Label":"InnerResultsCount","Category":"","Description":"","Attributes":1,"ValueType":"System.Int32"},"Value":0}]},{"TestCase":{"Id":"7e44f0d4-eb21-1b1c-2fc3-be77108c7e14","FullyQualifiedName":"UnitTestovi.UnitTest1.TestKonstruktoraPacijenta","DisplayName":"TestKonstruktoraPacijenta","ExecutorUri":"executor://MSTestAdapter/v2","Source":"D:\\D\\Ehlimana\\Documents\\VVS\\2021-2022\\Laboratorijska Vježba 3. (Data-Driven Unit Testiranje)\\PrivatnaKlinika\\UnitTestovi\\bin\\Debug\\net5.0\\fine-code-coverage\\build-output\\UnitTestovi.dll","CodeFilePath":null,"LineNumber":-1,"Properties":[{"Key":{"Id":"TestCase.ManagedType","Label":"ManagedType","Category":"","Description":"","Attributes":1,"ValueType":"System.String"},"Value":"UnitTestovi.UnitTest1"},{"Key":{"Id":"TestCase.ManagedMethod","Label":"ManagedMethod","Category":"","Description":"","Attributes":1,"ValueType":"System.String"},"Value":"TestKonstruktoraPacijenta(System.String,System.String,System.DateTime,System.String,System.String,System.String)"},{"Key":{"Id":"MSTestDiscoverer.TestClassName","Label":"ClassName","Category":"","Description":"","Attributes":1,"ValueType":"System.String"},"Value":"UnitTestovi.UnitTest1"},{"Key":{"Id":"TestObject.Traits","Label":"Traits","Category":"","Description":"","Attributes":5,"ValueType":"System.Collections.Generic.KeyValuePair`2[[System.String],[System.String]][]"},"Value":[]}]},"Attachments":[],"Outcome":1,"ErrorMessage":null,"ErrorStackTrace":null,"DisplayName":"TestKonstruktoraPacijenta (Ime,Prezime,8/22/2021 1:26:13 PM,0101996170001,M,ZD-01)","Messages":[],"ComputerName":null,"Duration":"00:00:00.0005237","StartTime":"2021-08-21T13:26:13.896052+02:00","EndTime":"2021-08-21T13:26:13.9702278+02:00","Properties":[{"Key":{"Id":"ExecutionId","Label":"ExecutionId","Category":"","Description":"","Attributes":1,"ValueType":"System.Guid"},"Value":"1201b9f6-da3a-46a6-b831-ec81206b828e"},{"Key":{"Id":"ParentExecId","Label":"ParentExecId","Category":"","Description":"","Attributes":1,"ValueType":"System.Guid"},"Value":"398512ac-6ec5-48a8-8faf-ac2b4f6a5e43"},{"Key":{"Id":"InnerResultsCount","Label":"InnerResultsCount","Category":"","Description":"","Attributes":1,"ValueType":"System.Int32"},"Value":0}]},{"TestCase":{"Id":"7e44f0d4-eb21-1b1c-2fc3-be77108c7e14","FullyQualifiedName":"UnitTestovi.UnitTest1.TestKonstruktoraPacijenta","DisplayName":"TestKonstruktoraPacijenta","ExecutorUri":"executor://MSTestAdapter/v2","Source":"D:\\D\\Ehlimana\\Documents\\VVS\\2021-2022\\Laboratorijska Vježba 3. (Data-Driven Unit Testiranje)\\PrivatnaKlinika\\UnitTestovi\\bin\\Debug\\net5.0\\fine-code-coverage\\build-output\\UnitTestovi.dll","CodeFilePath":null,"LineNumber":-1,"Properties":[{"Key":{"Id":"TestCase.ManagedType","Label":"ManagedType","Category":"","Description":"","Attributes":1,"ValueType":"System.String"},"Value":"UnitTestovi.UnitTest1"},{"Key":{"Id":"TestCase.ManagedMethod","Label":"ManagedMethod","Category":"","Description":"","Attributes":1,"ValueType":"System.String"},"Value":"TestKonstruktoraPacijenta(System.String,System.String,System.DateTime,System.String,System.String,System.String)"},{"Key":{"Id":"MSTestDiscoverer.TestClassName","Label":"ClassName","Category":"","Description":"","Attributes":1,"ValueType":"System.String"},"Value":"UnitTestovi.UnitTest1"},{"Key":{"Id":"TestObject.Traits","Label":"Traits","Category":"","Description":"","Attributes":5,"ValueType":"System.Collections.Generic.KeyValuePair`2[[System.String],[System.String]][]"},"Value":[]}]},"Attachments":[],"Outcome":1,"ErrorMessage":null,"ErrorStackTrace":null,"DisplayName":"TestKonstruktoraPacijenta (Ime,Prezime,1/1/1996 12:00:00 AM,5001996170001,M,ZD-01)","Messages":[],"ComputerName":null,"Duration":"00:00:00.0006887","StartTime":"2021-08-21T13:26:13.896052+02:00","EndTime":"2021-08-21T13:26:13.9702278+02:00","Properties":[{"Key":{"Id":"ExecutionId","Label":"ExecutionId","Category":"","Description":"","Attributes":1,"ValueType":"System.Guid"},"Value":"b9b79aa7-1342-4299-ba81-4217c2cfcf1d"},{"Key":{"Id":"ParentExecId","Label":"ParentExecId","Category":"","Description":"","Attributes":1,"ValueType":"System.Guid"},"Value":"398512ac-6ec5-48a8-8faf-ac2b4f6a5e43"},{"Key":{"Id":"InnerResultsCount","Label":"InnerResultsCount","Category":"","Description":"","Attributes":1,"ValueType":"System.Int32"},"Value":0}]},{"TestCase":{"Id":"7e44f0d4-eb21-1b1c-2fc3-be77108c7e14","FullyQualifiedName":"UnitTestovi.UnitTest1.TestKonstruktoraPacijenta","DisplayName":"TestKonstruktoraPacijenta","ExecutorUri":"executor://MSTestAdapter/v2","Source":"D:\\D\\Ehlimana\\Documents\\VVS\\2021-2022\\Laboratorijska Vježba 3. (Data-Driven Unit Testiranje)\\PrivatnaKlinika\\UnitTestovi\\bin\\Debug\\net5.0\\fine-code-coverage\\build-output\\UnitTestovi.dll","CodeFilePath":null,"LineNumber":-1,"Properties":[{"Key":{"Id":"TestCase.ManagedType","Label":"ManagedType","Category":"","Description":"","Attributes":1,"ValueType":"System.String"},"Value":"UnitTestovi.UnitTest1"},{"Key":{"Id":"TestCase.ManagedMethod","Label":"ManagedMethod","Category":"","Description":"","Attributes":1,"ValueType":"System.String"},"Value":"TestKonstruktoraPacijenta(System.String,System.String,System.DateTime,System.String,System.String,System.String)"},{"Key":{"Id":"MSTestDiscoverer.TestClassName","Label":"ClassName","Category":"","Description":"","Attributes":1,"ValueType":"System.String"},"Value":"UnitTestovi.UnitTest1"},{"Key":{"Id":"TestObject.Traits","Label":"Traits","Category":"","Description":"","Attributes":5,"ValueType":"System.Collections.Generic.KeyValuePair`2[[System.String],[System.String]][]"},"Value":[]}]},"Attachments":[],"Outcome":1,"ErrorMessage":null,"ErrorStackTrace":null,"DisplayName":"TestKonstruktoraPacijenta (Ime,Prezime,1/1/1996 12:00:00 AM,0101996170001,Muško,ZD-01)","Messages":[],"ComputerName":null,"Duration":"00:00:00.0005320","StartTime":"2021-08-21T13:26:13.896052+02:00","EndTime":"2021-08-21T13:26:13.9702278+02:00","Properties":[{"Key":{"Id":"ExecutionId","Label":"ExecutionId","Category":"","Description":"","Attributes":1,"ValueType":"System.Guid"},"Value":"f185a4e0-6810-4d4c-b718-d76a0ca50ba8"},{"Key":{"Id":"ParentExecId","Label":"ParentExecId","Category":"","Description":"","Attributes":1,"ValueType":"System.Guid"},"Value":"398512ac-6ec5-48a8-8faf-ac2b4f6a5e43"},{"Key":{"Id":"InnerResultsCount","Label":"InnerResultsCount","Category":"","Description":"","Attributes":1,"ValueType":"System.Int32"},"Value":0}]},{"TestCase":{"Id":"7e44f0d4-eb21-1b1c-2fc3-be77108c7e14","FullyQualifiedName":"UnitTestovi.UnitTest1.TestKonstruktoraPacijenta","DisplayName":"TestKonstruktoraPacijenta","ExecutorUri":"executor://MSTestAdapter/v2","Source":"D:\\D\\Ehlimana\\Documents\\VVS\\2021-2022\\Laboratorijska Vježba 3. (Data-Driven Unit Testiranje)\\PrivatnaKlinika\\UnitTestovi\\bin\\Debug\\net5.0\\fine-code-coverage\\build-output\\UnitTestovi.dll","CodeFilePath":null,"LineNumber":-1,"Properties":[{"Key":{"Id":"TestCase.ManagedType","Label":"ManagedType","Category":"","Description":"","Attributes":1,"ValueType":"System.String"},"Value":"UnitTestovi.UnitTest1"},{"Key":{"Id":"TestCase.ManagedMethod","Label":"ManagedMethod","Category":"","Description":"","Attributes":1,"ValueType":"System.String"},"Value":"TestKonstruktoraPacijenta(System.String,System.String,System.DateTime,System.String,System.String,System.String)"},{"Key":{"Id":"MSTestDiscoverer.TestClassName","Label":"ClassName","Category":"","Description":"","Attributes":1,"ValueType":"System.String"},"Value":"UnitTestovi.UnitTest1"},{"Key":{"Id":"TestObject.Traits","Label":"Traits","Category":"","Description":"","Attributes":5,"ValueType":"System.Collections.Generic.KeyValuePair`2[[System.String],[System.String]][]"},"Value":[]}]},"Attachments":[],"Outcome":1,"ErrorMessage":null,"ErrorStackTrace":null,"DisplayName":"TestKonstruktoraPacijenta (Ime,Prezime,1/1/1996 12:00:00 AM,0101996170001,M,01)","Messages":[],"ComputerName":null,"Duration":"00:00:00.0008780","StartTime":"2021-08-21T13:26:13.896052+02:00","EndTime":"2021-08-21T13:26:13.9702278+02:00","Properties":[{"Key":{"Id":"ExecutionId","Label":"ExecutionId","Category":"","Description":"","Attributes":1,"ValueType":"System.Guid"},"Value":"cf013eb1-03c9-4492-9cc1-58a4c7a714b3"},{"Key":{"Id":"ParentExecId","Label":"ParentExecId","Category":"","Description":"","Attributes":1,"ValueType":"System.Guid"},"Value":"398512ac-6ec5-48a8-8faf-ac2b4f6a5e43"},{"Key":{"Id":"InnerResultsCount","Label":"InnerResultsCount","Category":"","Description":"","Attributes":1,"ValueType":"System.Int32"},"Value":0}]},{"TestCase":{"Id":"66002f1d-3262-f6d9-a025-7a7251bddaf0","FullyQualifiedName":"UnitTestovi.UnitTest1.TestKonstruktoraPacijenta2","DisplayName":"TestKonstruktoraPacijenta2","ExecutorUri":"executor://MSTestAdapter/v2","Source":"D:\\D\\Ehlimana\\Documents\\VVS\\2021-2022\\Laboratorijska Vježba 3. (Data-Driven Unit Testiranje)\\PrivatnaKlinika\\UnitTestovi\\bin\\Debug\\net5.0\\fine-code-coverage\\build-output\\UnitTestovi.dll","CodeFilePath":null,"LineNumber":-1,"Properties":[{"Key":{"Id":"TestCase.ManagedType","Label":"ManagedType","Category":"","Description":"","Attributes":1,"ValueType":"System.String"},"Value":"UnitTestovi.UnitTest1"},{"Key":{"Id":"TestCase.ManagedMethod","Label":"ManagedMethod","Category":"","Description":"","Attributes":1,"ValueType":"System.String"},"Value":"TestKonstruktoraPacijenta2(System.String,System.String,System.DateTime,System.String,System.String,System.String)"},{"Key":{"Id":"MSTestDiscoverer.TestClassName","Label":"ClassName","Category":"","Description":"","Attributes":1,"ValueType":"System.String"},"Value":"UnitTestovi.UnitTest1"},{"Key":{"Id":"TestObject.Traits","Label":"Traits","Category":"","Description":"","Attributes":5,"ValueType":"System.Collections.Generic.KeyValuePair`2[[System.String],[System.String]][]"},"Value":[]}]},"Attachments":[],"Outcome":1,"ErrorMessage":null,"ErrorStackTrace":null,"DisplayName":null,"Messages":[],"ComputerName":null,"Duration":"00:00:00.0017326","StartTime":"2021-08-21T13:26:14.0060858+02:00","EndTime":"2021-08-21T13:26:14.0083591+02:00","Properties":[{"Key":{"Id":"ExecutionId","Label":"ExecutionId","Category":"","Description":"","Attributes":1,"ValueType":"System.Guid"},"Value":"0cfaa5b2-aabf-4d6b-9523-97b38aee6727"},{"Key":{"Id":"ParentExecId","Label":"ParentExecId","Category":"","Description":"","Attributes":1,"ValueType":"System.Guid"},"Value":"00000000-0000-0000-0000-000000000000"},{"Key":{"Id":"InnerResultsCount","Label":"InnerResultsCount","Category":"","Description":"","Attributes":1,"ValueType":"System.Int32"},"Value":1}]},{"TestCase":{"Id":"66002f1d-3262-f6d9-a025-7a7251bddaf0","FullyQualifiedName":"UnitTestovi.UnitTest1.TestKonstruktoraPacijenta2","DisplayName":"TestKonstruktoraPacijenta2","ExecutorUri":"executor://MSTestAdapter/v2","Source":"D:\\D\\Ehlimana\\Documents\\VVS\\2021-2022\\Laboratorijska Vježba 3. (Data-Driven Unit Testiranje)\\PrivatnaKlinika\\UnitTestovi\\bin\\Debug\\net5.0\\fine-code-coverage\\build-output\\UnitTestovi.dll","CodeFilePath":null,"LineNumber":-1,"Properties":[{"Key":{"Id":"TestCase.ManagedType","Label":"ManagedType","Category":"","Description":"","Attributes":1,"ValueType":"System.String"},"Value":"UnitTestovi.UnitTest1"},{"Key":{"Id":"TestCase.ManagedMethod","Label":"ManagedMethod","Category":"","Description":"","Attributes":1,"ValueType":"System.String"},"Value":"TestKonstruktoraPacijenta2(System.String,System.String,System.DateTime,System.String,System.String,System.String)"},{"Key":{"Id":"MSTestDiscoverer.TestClassName","Label":"ClassName","Category":"","Description":"","Attributes":1,"ValueType":"System.String"},"Value":"UnitTestovi.UnitTest1"},{"Key":{"Id":"TestObject.Traits","Label":"Traits","Category":"","Description":"","Attributes":5,"ValueType":"System.Collections.Generic.KeyValuePair`2[[System.String],[System.String]][]"},"Value":[]}]},"Attachments":[],"Outcome":1,"ErrorMessage":null,"ErrorStackTrace":null,"DisplayName":"TestKonstruktoraPacijenta2 (Ime,Prezime,1/1/1996 12:00:00 AM,0101996170001,M,ZD-01)","Messages":[],"ComputerName":null,"Duration":"00:00:00.0012697","StartTime":"2021-08-21T13:26:14.0060858+02:00","EndTime":"2021-08-21T13:26:14.0083591+02:00","Properties":[{"Key":{"Id":"ExecutionId","Label":"ExecutionId","Category":"","Description":"","Attributes":1,"ValueType":"System.Guid"},"Value":"701844ef-fbde-4729-8901-09799c98d269"},{"Key":{"Id":"ParentExecId","Label":"ParentExecId","Category":"","Description":"","Attributes":1,"ValueType":"System.Guid"},"Value":"0cfaa5b2-aabf-4d6b-9523-97b38aee6727"},{"Key":{"Id":"InnerResultsCount","Label":"InnerResultsCount","Category":"","Description":"","Attributes":1,"ValueType":"System.Int32"},"Value":0}]}],"TestRunStatistics":{"ExecutedTests":9,"Stats":{"Passed":9}},"ActiveTests":[{"Id":"6f401a7e-5aaa-8f16-a158-e3462dfba678","FullyQualifiedName":"UnitTestovi.UnitTest1.TestKonstruktoraPacijentaCSV","DisplayName":"TestKonstruktoraPacijentaCSV","ExecutorUri":"executor://MSTestAdapter/v2","Source":"D:\\D\\Ehlimana\\Documents\\VVS\\2021-2022\\Laboratorijska Vježba 3. (Data-Driven Unit Testiranje)\\PrivatnaKlinika\\UnitTestovi\\bin\\Debug\\net5.0\\fine-code-coverage\\build-output\\UnitTestovi.dll","CodeFilePath":null,"LineNumber":-1,"Properties":[{"Key":{"Id":"TestCase.ManagedType","Label":"ManagedType","Category":"","Description":"","Attributes":1,"ValueType":"System.String"},"Value":"UnitTestovi.UnitTest1"},{"Key":{"Id":"TestCase.ManagedMethod","Label":"ManagedMethod","Category":"","Description":"","Attributes":1,"ValueType":"System.String"},"Value":"TestKonstruktoraPacijentaCSV(System.String,System.String,System.DateTime,System.String,System.String,System.String)"},{"Key":{"Id":"MSTestDiscoverer.TestClassName","Label":"ClassName","Category":"","Description":"","Attributes":1,"ValueType":"System.String"},"Value":"UnitTestovi.UnitTest1"},{"Key":{"Id":"TestObject.Traits","Label":"Traits","Category":"","Description":"","Attributes":5,"ValueType":"System.Collections.Generic.KeyValuePair`2[[System.String],[System.String]][]"},"Value":[]}]}]}}
TpTrace Verbose: 0 : 9184, 7, 2021/08/21, 13:26:14.199, 44666119589, vstest.console.dll, TestRunRequest:SendTestRunStatsChange: Starting.
TpTrace Verbose: 0 : 9184, 7, 2021/08/21, 13:26:14.199, 44666121612, vstest.console.dll, InProgress is TestKonstruktoraPacijentaCSV
TpTrace Information: 0 : 9184, 7, 2021/08/21, 13:26:14.200, 44666132824, vstest.console.dll, TestRunRequest:SendTestRunStatsChange: Completed.
TpTrace Verbose: 0 : 9184, 7, 2021/08/21, 13:26:14.201, 44666134959, vstest.console.dll, TcpClientExtensions.MessageLoopAsync: Polling on remoteEndPoint: 127.0.0.1:61454 localEndPoint: 127.0.0.1:61453
TpTrace Verbose: 0 : 9184, 7, 2021/08/21, 13:26:14.213, 44666262860, vstest.console.dll, TcpClientExtensions.MessageLoopAsync: NotifyDataAvailable remoteEndPoint: 127.0.0.1:61454 localEndPoint: 127.0.0.1:61453
TpTrace Verbose: 0 : 9184, 7, 2021/08/21, 13:26:14.214, 44666270458, vstest.console.dll, TestRequestSender.OnExecutionMessageReceived: Received message: {"Version":5,"MessageType":"TestExecution.StatsChange","Payload":{"NewTestResults":[{"TestCase":{"Id":"6f401a7e-5aaa-8f16-a158-e3462dfba678","FullyQualifiedName":"UnitTestovi.UnitTest1.TestKonstruktoraPacijentaCSV","DisplayName":"TestKonstruktoraPacijentaCSV","ExecutorUri":"executor://MSTestAdapter/v2","Source":"D:\\D\\Ehlimana\\Documents\\VVS\\2021-2022\\Laboratorijska Vježba 3. (Data-Driven Unit Testiranje)\\PrivatnaKlinika\\UnitTestovi\\bin\\Debug\\net5.0\\fine-code-coverage\\build-output\\UnitTestovi.dll","CodeFilePath":null,"LineNumber":-1,"Properties":[{"Key":{"Id":"TestCase.ManagedType","Label":"ManagedType","Category":"","Description":"","Attributes":1,"ValueType":"System.String"},"Value":"UnitTestovi.UnitTest1"},{"Key":{"Id":"TestCase.ManagedMethod","Label":"ManagedMethod","Category":"","Description":"","Attributes":1,"ValueType":"System.String"},"Value":"TestKonstruktoraPacijentaCSV(System.String,System.String,System.DateTime,System.String,System.String,System.String)"},{"Key":{"Id":"MSTestDiscoverer.TestClassName","Label":"ClassName","Category":"","Description":"","Attributes":1,"ValueType":"System.String"},"Value":"UnitTestovi.UnitTest1"},{"Key":{"Id":"TestObject.Traits","Label":"Traits","Category":"","Description":"","Attributes":5,"ValueType":"System.Collections.Generic.KeyValuePair`2[[System.String],[System.String]][]"},"Value":[]}]},"Attachments":[],"Outcome":1,"ErrorMessage":null,"ErrorStackTrace":null,"DisplayName":null,"Messages":[],"ComputerName":null,"Duration":"00:00:00.1281957","StartTime":"2021-08-21T13:26:14.0625873+02:00","EndTime":"2021-08-21T13:26:14.1912556+02:00","Properties":[{"Key":{"Id":"ExecutionId","Label":"ExecutionId","Category":"","Description":"","Attributes":1,"ValueType":"System.Guid"},"Value":"b427b1f2-0e13-4b33-9bdb-6e8d8be4bdd2"},{"Key":{"Id":"ParentExecId","Label":"ParentExecId","Category":"","Description":"","Attributes":1,"ValueType":"System.Guid"},"Value":"00000000-0000-0000-0000-000000000000"},{"Key":{"Id":"InnerResultsCount","Label":"InnerResultsCount","Category":"","Description":"","Attributes":1,"ValueType":"System.Int32"},"Value":6}]},{"TestCase":{"Id":"6f401a7e-5aaa-8f16-a158-e3462dfba678","FullyQualifiedName":"UnitTestovi.UnitTest1.TestKonstruktoraPacijentaCSV","DisplayName":"TestKonstruktoraPacijentaCSV","ExecutorUri":"executor://MSTestAdapter/v2","Source":"D:\\D\\Ehlimana\\Documents\\VVS\\2021-2022\\Laboratorijska Vježba 3. (Data-Driven Unit Testiranje)\\PrivatnaKlinika\\UnitTestovi\\bin\\Debug\\net5.0\\fine-code-coverage\\build-output\\UnitTestovi.dll","CodeFilePath":null,"LineNumber":-1,"Properties":[{"Key":{"Id":"TestCase.ManagedType","Label":"ManagedType","Category":"","Description":"","Attributes":1,"ValueType":"System.String"},"Value":"UnitTestovi.UnitTest1"},{"Key":{"Id":"TestCase.ManagedMethod","Label":"ManagedMethod","Category":"","Description":"","Attributes":1,"ValueType":"System.String"},"Value":"TestKonstruktoraPacijentaCSV(System.String,System.String,System.DateTime,System.String,System.String,System.String)"},{"Key":{"Id":"MSTestDiscoverer.TestClassName","Label":"ClassName","Category":"","Description":"","Attributes":1,"ValueType":"System.String"},"Value":"UnitTestovi.UnitTest1"},{"Key":{"Id":"TestObject.Traits","Label":"Traits","Category":"","Description":"","Attributes":5,"ValueType":"System.Collections.Generic.KeyValuePair`2[[System.String],[System.String]][]"},"Value":[]}]},"Attachments":[],"Outcome":1,"ErrorMessage":null,"ErrorStackTrace":null,"DisplayName":"TestKonstruktoraPacijentaCSV (,Prezime,1/1/1996 12:00:00 AM,0101996170001,M,ZD-01)","Messages":[],"ComputerName":null,"Duration":"00:00:00.0005412","StartTime":"2021-08-21T13:26:14.0625873+02:00","EndTime":"2021-08-21T13:26:14.1912556+02:00","Properties":[{"Key":{"Id":"ExecutionId","Label":"ExecutionId","Category":"","Description":"","Attributes":1,"ValueType":"System.Guid"},"Value":"b16f7fd8-f01d-4ec2-8b59-ee51b2c37294"},{"Key":{"Id":"ParentExecId","Label":"ParentExecId","Category":"","Description":"","Attributes":1,"ValueType":"System.Guid"},"Value":"b427b1f2-0e13-4b33-9bdb-6e8d8be4bdd2"},{"Key":{"Id":"InnerResultsCount","Label":"InnerResultsCount","Category":"","Description":"","Attributes":1,"ValueType":"System.Int32"},"Value":0}]},{"TestCase":{"Id":"6f401a7e-5aaa-8f16-a158-e3462dfba678","FullyQualifiedName":"UnitTestovi.UnitTest1.TestKonstruktoraPacijentaCSV","DisplayName":"TestKonstruktoraPacijentaCSV","ExecutorUri":"executor://MSTestAdapter/v2","Source":"D:\\D\\Ehlimana\\Documents\\VVS\\2021-2022\\Laboratorijska Vježba 3. (Data-Driven Unit Testiranje)\\PrivatnaKlinika\\UnitTestovi\\bin\\Debug\\net5.0\\fine-code-coverage\\build-output\\UnitTestovi.dll","CodeFilePath":null,"LineNumber":-1,"Properties":[{"Key":{"Id":"TestCase.ManagedType","Label":"ManagedType","Category":"","Description":"","Attributes":1,"ValueType":"System.String"},"Value":"UnitTestovi.UnitTest1"},{"Key":{"Id":"TestCase.ManagedMethod","Label":"ManagedMethod","Category":"","Description":"","Attributes":1,"ValueType":"System.String"},"Value":"TestKonstruktoraPacijentaCSV(System.String,System.String,System.DateTime,System.String,System.String,System.String)"},{"Key":{"Id":"MSTestDiscoverer.TestClassName","Label":"ClassName","Category":"","Description":"","Attributes":1,"ValueType":"System.String"},"Value":"UnitTestovi.UnitTest1"},{"Key":{"Id":"TestObject.Traits","Label":"Traits","Category":"","Description":"","Attributes":5,"ValueType":"System.Collections.Generic.KeyValuePair`2[[System.String],[System.String]][]"},"Value":[]}]},"Attachments":[],"Outcome":1,"ErrorMessage":null,"ErrorStackTrace":null,"DisplayName":"TestKonstruktoraPacijentaCSV (Ime,,1/1/1996 12:00:00 AM,0101996170001,M,ZD-01)","Messages":[],"ComputerName":null,"Duration":"00:00:00.0002428","StartTime":"2021-08-21T13:26:14.0625873+02:00","EndTime":"2021-08-21T13:26:14.1912556+02:00","Properties":[{"Key":{"Id":"ExecutionId","Label":"ExecutionId","Category":"","Description":"","Attributes":1,"ValueType":"System.Guid"},"Value":"d2ae0260-59d0-470b-a92b-2285d0f52518"},{"Key":{"Id":"ParentExecId","Label":"ParentExecId","Category":"","Description":"","Attributes":1,"ValueType":"System.Guid"},"Value":"b427b1f2-0e13-4b33-9bdb-6e8d8be4bdd2"},{"Key":{"Id":"InnerResultsCount","Label":"InnerResultsCount","Category":"","Description":"","Attributes":1,"ValueType":"System.Int32"},"Value":0}]},{"TestCase":{"Id":"6f401a7e-5aaa-8f16-a158-e3462dfba678","FullyQualifiedName":"UnitTestovi.UnitTest1.TestKonstruktoraPacijentaCSV","DisplayName":"TestKonstruktoraPacijentaCSV","ExecutorUri":"executor://MSTestAdapter/v2","Source":"D:\\D\\Ehlimana\\Documents\\VVS\\2021-2022\\Laboratorijska Vježba 3. (Data-Driven Unit Testiranje)\\PrivatnaKlinika\\UnitTestovi\\bin\\Debug\\net5.0\\fine-code-coverage\\build-output\\UnitTestovi.dll","CodeFilePath":null,"LineNumber":-1,"Properties":[{"Key":{"Id":"TestCase.ManagedType","Label":"ManagedType","Category":"","Description":"","Attributes":1,"ValueType":"System.String"},"Value":"UnitTestovi.UnitTest1"},{"Key":{"Id":"TestCase.ManagedMethod","Label":"ManagedMethod","Category":"","Description":"","Attributes":1,"ValueType":"System.String"},"Value":"TestKonstruktoraPacijentaCSV(System.String,System.String,System.DateTime,System.String,System.String,System.String)"},{"Key":{"Id":"MSTestDiscoverer.TestClassName","Label":"ClassName","Category":"","Description":"","Attributes":1,"ValueType":"System.String"},"Value":"UnitTestovi.UnitTest1"},{"Key":{"Id":"TestObject.Traits","Label":"Traits","Category":"","Description":"","Attributes":5,"ValueType":"System.Collections.Generic.KeyValuePair`2[[System.String],[System.String]][]"},"Value":[]}]},"Attachments":[],"Outcome":1,"ErrorMessage":null,"ErrorStackTrace":null,"DisplayName":"TestKonstruktoraPacijentaCSV (Ime,Prezime,1/1/2030 12:00:00 AM,0101996170001,M,ZD-01)","Messages":[],"ComputerName":null,"Duration":"00:00:00.0002269","StartTime":"2021-08-21T13:26:14.0625873+02:00","EndTime":"2021-08-21T13:26:14.1912556+02:00","Properties":[{"Key":{"Id":"ExecutionId","Label":"ExecutionId","Category":"","Description":"","Attributes":1,"ValueType":"System.Guid"},"Value":"844dad35-cd17-47b9-b550-f1e1fe084b16"},{"Key":{"Id":"ParentExecId","Label":"ParentExecId","Category":"","Description":"","Attributes":1,"ValueType":"System.Guid"},"Value":"b427b1f2-0e13-4b33-9bdb-6e8d8be4bdd2"},{"Key":{"Id":"InnerResultsCount","Label":"InnerResultsCount","Category":"","Description":"","Attributes":1,"ValueType":"System.Int32"},"Value":0}]},{"TestCase":{"Id":"6f401a7e-5aaa-8f16-a158-e3462dfba678","FullyQualifiedName":"UnitTestovi.UnitTest1.TestKonstruktoraPacijentaCSV","DisplayName":"TestKonstruktoraPacijentaCSV","ExecutorUri":"executor://MSTestAdapter/v2","Source":"D:\\D\\Ehlimana\\Documents\\VVS\\2021-2022\\Laboratorijska Vježba 3. (Data-Driven Unit Testiranje)\\PrivatnaKlinika\\UnitTestovi\\bin\\Debug\\net5.0\\fine-code-coverage\\build-output\\UnitTestovi.dll","CodeFilePath":null,"LineNumber":-1,"Properties":[{"Key":{"Id":"TestCase.ManagedType","Label":"ManagedType","Category":"","Description":"","Attributes":1,"ValueType":"System.String"},"Value":"UnitTestovi.UnitTest1"},{"Key":{"Id":"TestCase.ManagedMethod","Label":"ManagedMethod","Category":"","Description":"","Attributes":1,"ValueType":"System.String"},"Value":"TestKonstruktoraPacijentaCSV(System.String,System.String,System.DateTime,System.String,System.String,System.String)"},{"Key":{"Id":"MSTestDiscoverer.TestClassName","Label":"ClassName","Category":"","Description":"","Attributes":1,"ValueType":"System.String"},"Value":"UnitTestovi.UnitTest1"},{"Key":{"Id":"TestObject.Traits","Label":"Traits","Category":"","Description":"","Attributes":5,"ValueType":"System.Collections.Generic.KeyValuePair`2[[System.String],[System.String]][]"},"Value":[]}]},"Attachments":[],"Outcome":1,"ErrorMessage":null,"ErrorStackTrace":null,"DisplayName":"TestKonstruktoraPacijentaCSV (Ime,Prezime,1/1/1996 12:00:00 AM,5001996170001,M,ZD-01)","Messages":[],"ComputerName":null,"Duration":"00:00:00.0002965","StartTime":"2021-08-21T13:26:14.0625873+02:00","EndTime":"2021-08-21T13:26:14.1912556+02:00","Properties":[{"Key":{"Id":"ExecutionId","Label":"ExecutionId","Category":"","Description":"","Attributes":1,"ValueType":"System.Guid"},"Value":"d487c761-1163-447c-a102-24be8bd24f71"},{"Key":{"Id":"ParentExecId","Label":"ParentExecId","Category":"","Description":"","Attributes":1,"ValueType":"System.Guid"},"Value":"b427b1f2-0e13-4b33-9bdb-6e8d8be4bdd2"},{"Key":{"Id":"InnerResultsCount","Label":"InnerResultsCount","Category":"","Description":"","Attributes":1,"ValueType":"System.Int32"},"Value":0}]},{"TestCase":{"Id":"6f401a7e-5aaa-8f16-a158-e3462dfba678","FullyQualifiedName":"UnitTestovi.UnitTest1.TestKonstruktoraPacijentaCSV","DisplayName":"TestKonstruktoraPacijentaCSV","ExecutorUri":"executor://MSTestAdapter/v2","Source":"D:\\D\\Ehlimana\\Documents\\VVS\\2021-2022\\Laboratorijska Vježba 3. (Data-Driven Unit Testiranje)\\PrivatnaKlinika\\UnitTestovi\\bin\\Debug\\net5.0\\fine-code-coverage\\build-output\\UnitTestovi.dll","CodeFilePath":null,"LineNumber":-1,"Properties":[{"Key":{"Id":"TestCase.ManagedType","Label":"ManagedType","Category":"","Description":"","Attributes":1,"ValueType":"System.String"},"Value":"UnitTestovi.UnitTest1"},{"Key":{"Id":"TestCase.ManagedMethod","Label":"ManagedMethod","Category":"","Description":"","Attributes":1,"ValueType":"System.String"},"Value":"TestKonstruktoraPacijentaCSV(System.String,System.String,System.DateTime,System.String,System.String,System.String)"},{"Key":{"Id":"MSTestDiscoverer.TestClassName","Label":"ClassName","Category":"","Description":"","Attributes":1,"ValueType":"System.String"},"Value":"UnitTestovi.UnitTest1"},{"Key":{"Id":"TestObject.Traits","Label":"Traits","Category":"","Description":"","Attributes":5,"ValueType":"System.Collections.Generic.KeyValuePair`2[[System.String],[System.String]][]"},"Value":[]}]},"Attachments":[],"Outcome":1,"ErrorMessage":null,"ErrorStackTrace":null,"DisplayName":"TestKonstruktoraPacijentaCSV (Ime,Prezime,1/1/1996 12:00:00 AM,0101996170001,Muško,ZD-01)","Messages":[],"ComputerName":null,"Duration":"00:00:00.0003047","StartTime":"2021-08-21T13:26:14.0625873+02:00","EndTime":"2021-08-21T13:26:14.1912556+02:00","Properties":[{"Key":{"Id":"ExecutionId","Label":"ExecutionId","Category":"","Description":"","Attributes":1,"ValueType":"System.Guid"},"Value":"91c07333-f639-43cf-a87b-4dfe656b5ab3"},{"Key":{"Id":"ParentExecId","Label":"ParentExecId","Category":"","Description":"","Attributes":1,"ValueType":"System.Guid"},"Value":"b427b1f2-0e13-4b33-9bdb-6e8d8be4bdd2"},{"Key":{"Id":"InnerResultsCount","Label":"InnerResultsCount","Category":"","Description":"","Attributes":1,"ValueType":"System.Int32"},"Value":0}]},{"TestCase":{"Id":"6f401a7e-5aaa-8f16-a158-e3462dfba678","FullyQualifiedName":"UnitTestovi.UnitTest1.TestKonstruktoraPacijentaCSV","DisplayName":"TestKonstruktoraPacijentaCSV","ExecutorUri":"executor://MSTestAdapter/v2","Source":"D:\\D\\Ehlimana\\Documents\\VVS\\2021-2022\\Laboratorijska Vježba 3. (Data-Driven Unit Testiranje)\\PrivatnaKlinika\\UnitTestovi\\bin\\Debug\\net5.0\\fine-code-coverage\\build-output\\UnitTestovi.dll","CodeFilePath":null,"LineNumber":-1,"Properties":[{"Key":{"Id":"TestCase.ManagedType","Label":"ManagedType","Category":"","Description":"","Attributes":1,"ValueType":"System.String"},"Value":"UnitTestovi.UnitTest1"},{"Key":{"Id":"TestCase.ManagedMethod","Label":"ManagedMethod","Category":"","Description":"","Attributes":1,"ValueType":"System.String"},"Value":"TestKonstruktoraPacijentaCSV(System.String,System.String,System.DateTime,System.String,System.String,System.String)"},{"Key":{"Id":"MSTestDiscoverer.TestClassName","Label":"ClassName","Category":"","Description":"","Attributes":1,"ValueType":"System.String"},"Value":"UnitTestovi.UnitTest1"},{"Key":{"Id":"TestObject.Traits","Label":"Traits","Category":"","Description":"","Attributes":5,"ValueType":"System.Collections.Generic.KeyValuePair`2[[System.String],[System.String]][]"},"Value":[]}]},"Attachments":[],"Outcome":1,"ErrorMessage":null,"ErrorStackTrace":null,"DisplayName":"TestKonstruktoraPacijentaCSV (Ime,Prezime,1/1/1996 12:00:00 AM,0101996170001,M,01)","Messages":[],"ComputerName":null,"Duration":"00:00:00.0003550","StartTime":"2021-08-21T13:26:14.0625873+02:00","EndTime":"2021-08-21T13:26:14.1912556+02:00","Properties":[{"Key":{"Id":"ExecutionId","Label":"ExecutionId","Category":"","Description":"","Attributes":1,"ValueType":"System.Guid"},"Value":"c0b6a589-a7fd-4772-99c5-0b38cbf9500b"},{"Key":{"Id":"ParentExecId","Label":"ParentExecId","Category":"","Description":"","Attributes":1,"ValueType":"System.Guid"},"Value":"b427b1f2-0e13-4b33-9bdb-6e8d8be4bdd2"},{"Key":{"Id":"InnerResultsCount","Label":"InnerResultsCount","Category":"","Description":"","Attributes":1,"ValueType":"System.Int32"},"Value":0}]},{"TestCase":{"Id":"d6946c06-837b-45c0-75f9-5becbe5c405d","FullyQualifiedName":"UnitTestovi.UnitTest1.TestKonstruktoraPacijentaXML","DisplayName":"TestKonstruktoraPacijentaXML","ExecutorUri":"executor://MSTestAdapter/v2","Source":"D:\\D\\Ehlimana\\Documents\\VVS\\2021-2022\\Laboratorijska Vježba 3. (Data-Driven Unit Testiranje)\\PrivatnaKlinika\\UnitTestovi\\bin\\Debug\\net5.0\\fine-code-coverage\\build-output\\UnitTestovi.dll","CodeFilePath":null,"LineNumber":-1,"Properties":[{"Key":{"Id":"TestCase.ManagedType","Label":"ManagedType","Category":"","Description":"","Attributes":1,"ValueType":"System.String"},"Value":"UnitTestovi.UnitTest1"},{"Key":{"Id":"TestCase.ManagedMethod","Label":"ManagedMethod","Category":"","Description":"","Attributes":1,"ValueType":"System.String"},"Value":"TestKonstruktoraPacijentaXML(System.String,System.String,System.DateTime,System.String,System.String,System.String)"},{"Key":{"Id":"MSTestDiscoverer.TestClassName","Label":"ClassName","Category":"","Description":"","Attributes":1,"ValueType":"System.String"},"Value":"UnitTestovi.UnitTest1"},{"Key":{"Id":"TestObject.Traits","Label":"Traits","Category":"","Description":"","Attributes":5,"ValueType":"System.Collections.Generic.KeyValuePair`2[[System.String],[System.String]][]"},"Value":[]}]},"Attachments":[],"Outcome":1,"ErrorMessage":null,"ErrorStackTrace":null,"DisplayName":null,"Messages":[],"ComputerName":null,"Duration":"00:00:00.0102370","StartTime":"2021-08-21T13:26:14.1994433+02:00","EndTime":"2021-08-21T13:26:14.2101666+02:00","Properties":[{"Key":{"Id":"ExecutionId","Label":"ExecutionId","Category":"","Description":"","Attributes":1,"ValueType":"System.Guid"},"Value":"bd6d8fa6-2218-4136-b363-6cd16ba1af49"},{"Key":{"Id":"ParentExecId","Label":"ParentExecId","Category":"","Description":"","Attributes":1,"ValueType":"System.Guid"},"Value":"00000000-0000-0000-0000-000000000000"},{"Key":{"Id":"InnerResultsCount","Label":"InnerResultsCount","Category":"","Description":"","Attributes":1,"ValueType":"System.Int32"},"Value":6}]},{"TestCase":{"Id":"d6946c06-837b-45c0-75f9-5becbe5c405d","FullyQualifiedName":"UnitTestovi.UnitTest1.TestKonstruktoraPacijentaXML","DisplayName":"TestKonstruktoraPacijentaXML","ExecutorUri":"executor://MSTestAdapter/v2","Source":"D:\\D\\Ehlimana\\Documents\\VVS\\2021-2022\\Laboratorijska Vježba 3. (Data-Driven Unit Testiranje)\\PrivatnaKlinika\\UnitTestovi\\bin\\Debug\\net5.0\\fine-code-coverage\\build-output\\UnitTestovi.dll","CodeFilePath":null,"LineNumber":-1,"Properties":[{"Key":{"Id":"TestCase.ManagedType","Label":"ManagedType","Category":"","Description":"","Attributes":1,"ValueType":"System.String"},"Value":"UnitTestovi.UnitTest1"},{"Key":{"Id":"TestCase.ManagedMethod","Label":"ManagedMethod","Category":"","Description":"","Attributes":1,"ValueType":"System.String"},"Value":"TestKonstruktoraPacijentaXML(System.String,System.String,System.DateTime,System.String,System.String,System.String)"},{"Key":{"Id":"MSTestDiscoverer.TestClassName","Label":"ClassName","Category":"","Description":"","Attributes":1,"ValueType":"System.String"},"Value":"UnitTestovi.UnitTest1"},{"Key":{"Id":"TestObject.Traits","Label":"Traits","Category":"","Description":"","Attributes":5,"ValueType":"System.Collections.Generic.KeyValuePair`2[[System.String],[System.String]][]"},"Value":[]}]},"Attachments":[],"Outcome":1,"ErrorMessage":null,"ErrorStackTrace":null,"DisplayName":"TestKonstruktoraPacijentaXML (,Prezime,1/1/1996 12:00:00 AM,0101996170001,M,ZD-01)","Messages":[],"ComputerName":null,"Duration":"00:00:00.0050195","StartTime":"2021-08-21T13:26:14.1994433+02:00","EndTime":"2021-08-21T13:26:14.2101666+02:00","Properties":[{"Key":{"Id":"ExecutionId","Label":"ExecutionId","Category":"","Description":"","Attributes":1,"ValueType":"System.Guid"},"Value":"db9b8661-138f-483a-a58d-ec6f1ed9761f"},{"Key":{"Id":"ParentExecId","Label":"ParentExecId","Category":"","Description":"","Attributes":1,"ValueType":"System.Guid"},"Value":"bd6d8fa6-2218-4136-b363-6cd16ba1af49"},{"Key":{"Id":"InnerResultsCount","Label":"InnerResultsCount","Category":"","Description":"","Attributes":1,"ValueType":"System.Int32"},"Value":0}]},{"TestCase":{"Id":"d6946c06-837b-45c0-75f9-5becbe5c405d","FullyQualifiedName":"UnitTestovi.UnitTest1.TestKonstruktoraPacijentaXML","DisplayName":"TestKonstruktoraPacijentaXML","ExecutorUri":"executor://MSTestAdapter/v2","Source":"D:\\D\\Ehlimana\\Documents\\VVS\\2021-2022\\Laboratorijska Vježba 3. (Data-Driven Unit Testiranje)\\PrivatnaKlinika\\UnitTestovi\\bin\\Debug\\net5.0\\fine-code-coverage\\build-output\\UnitTestovi.dll","CodeFilePath":null,"LineNumber":-1,"Properties":[{"Key":{"Id":"TestCase.ManagedType","Label":"ManagedType","Category":"","Description":"","Attributes":1,"ValueType":"System.String"},"Value":"UnitTestovi.UnitTest1"},{"Key":{"Id":"TestCase.ManagedMethod","Label":"ManagedMethod","Category":"","Description":"","Attributes":1,"ValueType":"System.String"},"Value":"TestKonstruktoraPacijentaXML(System.String,System.String,System.DateTime,System.String,System.String,System.String)"},{"Key":{"Id":"MSTestDiscoverer.TestClassName","Label":"ClassName","Category":"","Description":"","Attributes":1,"ValueType":"System.String"},"Value":"UnitTestovi.UnitTest1"},{"Key":{"Id":"TestObject.Traits","Label":"Traits","Category":"","Description":"","Attributes":5,"ValueType":"System.Collections.Generic.KeyValuePair`2[[System.String],[System.String]][]"},"Value":[]}]},"Attachments":[],"Outcome":1,"ErrorMessage":null,"ErrorStackTrace":null,"DisplayName":"TestKonstruktoraPacijentaXML (Ime,,1/1/1996 12:00:00 AM,0101996170001,M,ZD-01)","Messages":[],"ComputerName":null,"Duration":"00:00:00.0002252","StartTime":"2021-08-21T13:26:14.1994433+02:00","EndTime":"2021-08-21T13:26:14.2101666+02:00","Properties":[{"Key":{"Id":"ExecutionId","Label":"ExecutionId","Category":"","Description":"","Attributes":1,"ValueType":"System.Guid"},"Value":"d62a18df-2bcb-42c0-a08e-32097963d3ce"},{"Key":{"Id":"ParentExecId","Label":"ParentExecId","Category":"","Description":"","Attributes":1,"ValueType":"System.Guid"},"Value":"bd6d8fa6-2218-4136-b363-6cd16ba1af49"},{"Key":{"Id":"InnerResultsCount","Label":"InnerResultsCount","Category":"","Description":"","Attributes":1,"ValueType":"System.Int32"},"Value":0}]}],"TestRunStatistics":{"ExecutedTests":19,"Stats":{"Passed":19}},"ActiveTests":[]}}
TpTrace Verbose: 0 : 9184, 7, 2021/08/21, 13:26:14.224, 44666368283, vstest.console.dll, TestRunRequest:SendTestRunStatsChange: Starting.
TpTrace Information: 0 : 9184, 7, 2021/08/21, 13:26:14.224, 44666370034, vstest.console.dll, TestRunRequest:SendTestRunStatsChange: Completed.
TpTrace Verbose: 0 : 9184, 7, 2021/08/21, 13:26:14.224, 44666370652, vstest.console.dll, TcpClientExtensions.MessageLoopAsync: Polling on remoteEndPoint: 127.0.0.1:61454 localEndPoint: 127.0.0.1:61453
TpTrace Verbose: 0 : 9184, 7, 2021/08/21, 13:26:14.234, 44666465346, vstest.console.dll, TcpClientExtensions.MessageLoopAsync: NotifyDataAvailable remoteEndPoint: 127.0.0.1:61454 localEndPoint: 127.0.0.1:61453
TpTrace Verbose: 0 : 9184, 7, 2021/08/21, 13:26:14.234, 44666468672, vstest.console.dll, TestRequestSender.OnExecutionMessageReceived: Received message: {"Version":5,"MessageType":"TestExecution.Completed","Payload":{"TestRunCompleteArgs":{"TestRunStatistics":{"ExecutedTests":23,"Stats":{"Passed":23}},"IsCanceled":false,"IsAborted":false,"Error":null,"AttachmentSets":[],"ElapsedTimeInRunningTests":"00:00:00.4737861","Metrics":{}},"LastRunTests":{"NewTestResults":[{"TestCase":{"Id":"d6946c06-837b-45c0-75f9-5becbe5c405d","FullyQualifiedName":"UnitTestovi.UnitTest1.TestKonstruktoraPacijentaXML","DisplayName":"TestKonstruktoraPacijentaXML","ExecutorUri":"executor://MSTestAdapter/v2","Source":"D:\\D\\Ehlimana\\Documents\\VVS\\2021-2022\\Laboratorijska Vježba 3. (Data-Driven Unit Testiranje)\\PrivatnaKlinika\\UnitTestovi\\bin\\Debug\\net5.0\\fine-code-coverage\\build-output\\UnitTestovi.dll","CodeFilePath":null,"LineNumber":-1,"Properties":[{"Key":{"Id":"TestCase.ManagedType","Label":"ManagedType","Category":"","Description":"","Attributes":1,"ValueType":"System.String"},"Value":"UnitTestovi.UnitTest1"},{"Key":{"Id":"TestCase.ManagedMethod","Label":"ManagedMethod","Category":"","Description":"","Attributes":1,"ValueType":"System.String"},"Value":"TestKonstruktoraPacijentaXML(System.String,System.String,System.DateTime,System.String,System.String,System.String)"},{"Key":{"Id":"MSTestDiscoverer.TestClassName","Label":"ClassName","Category":"","Description":"","Attributes":1,"ValueType":"System.String"},"Value":"UnitTestovi.UnitTest1"},{"Key":{"Id":"TestObject.Traits","Label":"Traits","Category":"","Description":"","Attributes":5,"ValueType":"System.Collections.Generic.KeyValuePair`2[[System.String],[System.String]][]"},"Value":[]}]},"Attachments":[],"Outcome":1,"ErrorMessage":null,"ErrorStackTrace":null,"DisplayName":"TestKonstruktoraPacijentaXML (Ime,Prezime,1/1/2030 12:00:00 AM,0101996170001,M,ZD-01)","Messages":[],"ComputerName":null,"Duration":"00:00:00.0001415","StartTime":"2021-08-21T13:26:14.1994433+02:00","EndTime":"2021-08-21T13:26:14.2101666+02:00","Properties":[{"Key":{"Id":"ExecutionId","Label":"ExecutionId","Category":"","Description":"","Attributes":1,"ValueType":"System.Guid"},"Value":"b5ea165c-cf2d-4e9e-980e-9e2f42f06503"},{"Key":{"Id":"ParentExecId","Label":"ParentExecId","Category":"","Description":"","Attributes":1,"ValueType":"System.Guid"},"Value":"bd6d8fa6-2218-4136-b363-6cd16ba1af49"},{"Key":{"Id":"InnerResultsCount","Label":"InnerResultsCount","Category":"","Description":"","Attributes":1,"ValueType":"System.Int32"},"Value":0}]},{"TestCase":{"Id":"d6946c06-837b-45c0-75f9-5becbe5c405d","FullyQualifiedName":"UnitTestovi.UnitTest1.TestKonstruktoraPacijentaXML","DisplayName":"TestKonstruktoraPacijentaXML","ExecutorUri":"executor://MSTestAdapter/v2","Source":"D:\\D\\Ehlimana\\Documents\\VVS\\2021-2022\\Laboratorijska Vježba 3. (Data-Driven Unit Testiranje)\\PrivatnaKlinika\\UnitTestovi\\bin\\Debug\\net5.0\\fine-code-coverage\\build-output\\UnitTestovi.dll","CodeFilePath":null,"LineNumber":-1,"Properties":[{"Key":{"Id":"TestCase.ManagedType","Label":"ManagedType","Category":"","Description":"","Attributes":1,"ValueType":"System.String"},"Value":"UnitTestovi.UnitTest1"},{"Key":{"Id":"TestCase.ManagedMethod","Label":"ManagedMethod","Category":"","Description":"","Attributes":1,"ValueType":"System.String"},"Value":"TestKonstruktoraPacijentaXML(System.String,System.String,System.DateTime,System.String,System.String,System.String)"},{"Key":{"Id":"MSTestDiscoverer.TestClassName","Label":"ClassName","Category":"","Description":"","Attributes":1,"ValueType":"System.String"},"Value":"UnitTestovi.UnitTest1"},{"Key":{"Id":"TestObject.Traits","Label":"Traits","Category":"","Description":"","Attributes":5,"ValueType":"System.Collections.Generic.KeyValuePair`2[[System.String],[System.String]][]"},"Value":[]}]},"Attachments":[],"Outcome":1,"ErrorMessage":null,"ErrorStackTrace":null,"DisplayName":"TestKonstruktoraPacijentaXML (Ime,Prezime,1/1/1996 12:00:00 AM,5001996170001,M,ZD-01)","Messages":[],"ComputerName":null,"Duration":"00:00:00.0001411","StartTime":"2021-08-21T13:26:14.1994433+02:00","EndTime":"2021-08-21T13:26:14.2101666+02:00","Properties":[{"Key":{"Id":"ExecutionId","Label":"ExecutionId","Category":"","Description":"","Attributes":1,"ValueType":"System.Guid"},"Value":"9be378b6-5fc9-4800-ac65-2340573cb6b8"},{"Key":{"Id":"ParentExecId","Label":"ParentExecId","Category":"","Description":"","Attributes":1,"ValueType":"System.Guid"},"Value":"bd6d8fa6-2218-4136-b363-6cd16ba1af49"},{"Key":{"Id":"InnerResultsCount","Label":"InnerResultsCount","Category":"","Description":"","Attributes":1,"ValueType":"System.Int32"},"Value":0}]},{"TestCase":{"Id":"d6946c06-837b-45c0-75f9-5becbe5c405d","FullyQualifiedName":"UnitTestovi.UnitTest1.TestKonstruktoraPacijentaXML","DisplayName":"TestKonstruktoraPacijentaXML","ExecutorUri":"executor://MSTestAdapter/v2","Source":"D:\\D\\Ehlimana\\Documents\\VVS\\2021-2022\\Laboratorijska Vježba 3. (Data-Driven Unit Testiranje)\\PrivatnaKlinika\\UnitTestovi\\bin\\Debug\\net5.0\\fine-code-coverage\\build-output\\UnitTestovi.dll","CodeFilePath":null,"LineNumber":-1,"Properties":[{"Key":{"Id":"TestCase.ManagedType","Label":"ManagedType","Category":"","Description":"","Attributes":1,"ValueType":"System.String"},"Value":"UnitTestovi.UnitTest1"},{"Key":{"Id":"TestCase.ManagedMethod","Label":"ManagedMethod","Category":"","Description":"","Attributes":1,"ValueType":"System.String"},"Value":"TestKonstruktoraPacijentaXML(System.String,System.String,System.DateTime,System.String,System.String,System.String)"},{"Key":{"Id":"MSTestDiscoverer.TestClassName","Label":"ClassName","Category":"","Description":"","Attributes":1,"ValueType":"System.String"},"Value":"UnitTestovi.UnitTest1"},{"Key":{"Id":"TestObject.Traits","Label":"Traits","Category":"","Description":"","Attributes":5,"ValueType":"System.Collections.Generic.KeyValuePair`2[[System.String],[System.String]][]"},"Value":[]}]},"Attachments":[],"Outcome":1,"ErrorMessage":null,"ErrorStackTrace":null,"DisplayName":"TestKonstruktoraPacijentaXML (Ime,Prezime,1/1/1996 12:00:00 AM,0101996170001,Muško,ZD-01)","Messages":[],"ComputerName":null,"Duration":"00:00:00.0001374","StartTime":"2021-08-21T13:26:14.1994433+02:00","EndTime":"2021-08-21T13:26:14.2101666+02:00","Properties":[{"Key":{"Id":"ExecutionId","Label":"ExecutionId","Category":"","Description":"","Attributes":1,"ValueType":"System.Guid"},"Value":"5186d7ae-5fb4-4a6d-8053-0c13567ce06e"},{"Key":{"Id":"ParentExecId","Label":"ParentExecId","Category":"","Description":"","Attributes":1,"ValueType":"System.Guid"},"Value":"bd6d8fa6-2218-4136-b363-6cd16ba1af49"},{"Key":{"Id":"InnerResultsCount","Label":"InnerResultsCount","Category":"","Description":"","Attributes":1,"ValueType":"System.Int32"},"Value":0}]},{"TestCase":{"Id":"d6946c06-837b-45c0-75f9-5becbe5c405d","FullyQualifiedName":"UnitTestovi.UnitTest1.TestKonstruktoraPacijentaXML","DisplayName":"TestKonstruktoraPacijentaXML","ExecutorUri":"executor://MSTestAdapter/v2","Source":"D:\\D\\Ehlimana\\Documents\\VVS\\2021-2022\\Laboratorijska Vježba 3. (Data-Driven Unit Testiranje)\\PrivatnaKlinika\\UnitTestovi\\bin\\Debug\\net5.0\\fine-code-coverage\\build-output\\UnitTestovi.dll","CodeFilePath":null,"LineNumber":-1,"Properties":[{"Key":{"Id":"TestCase.ManagedType","Label":"ManagedType","Category":"","Description":"","Attributes":1,"ValueType":"System.String"},"Value":"UnitTestovi.UnitTest1"},{"Key":{"Id":"TestCase.ManagedMethod","Label":"ManagedMethod","Category":"","Description":"","Attributes":1,"ValueType":"System.String"},"Value":"TestKonstruktoraPacijentaXML(System.String,System.String,System.DateTime,System.String,System.String,System.String)"},{"Key":{"Id":"MSTestDiscoverer.TestClassName","Label":"ClassName","Category":"","Description":"","Attributes":1,"ValueType":"System.String"},"Value":"UnitTestovi.UnitTest1"},{"Key":{"Id":"TestObject.Traits","Label":"Traits","Category":"","Description":"","Attributes":5,"ValueType":"System.Collections.Generic.KeyValuePair`2[[System.String],[System.String]][]"},"Value":[]}]},"Attachments":[],"Outcome":1,"ErrorMessage":null,"ErrorStackTrace":null,"DisplayName":"TestKonstruktoraPacijentaXML (Ime,Prezime,1/1/1996 12:00:00 AM,0101996170001,M,01)","Messages":[],"ComputerName":null,"Duration":"00:00:00.0001340","StartTime":"2021-08-21T13:26:14.1994433+02:00","EndTime":"2021-08-21T13:26:14.2101666+02:00","Properties":[{"Key":{"Id":"ExecutionId","Label":"ExecutionId","Category":"","Description":"","Attributes":1,"ValueType":"System.Guid"},"Value":"6c7b80f9-0e6e-43fd-9d13-3e412c4e3ddf"},{"Key":{"Id":"ParentExecId","Label":"ParentExecId","Category":"","Description":"","Attributes":1,"ValueType":"System.Guid"},"Value":"bd6d8fa6-2218-4136-b363-6cd16ba1af49"},{"Key":{"Id":"InnerResultsCount","Label":"InnerResultsCount","Category":"","Description":"","Attributes":1,"ValueType":"System.Int32"},"Value":0}]}],"TestRunStatistics":{"ExecutedTests":23,"Stats":{"Passed":23}},"ActiveTests":[]},"RunAttachments":[],"ExecutorUris":["executor://mstestadapter/v2"]}}
TpTrace Verbose: 0 : 9184, 7, 2021/08/21, 13:26:14.235, 44666474958, vstest.console.dll, TestRequestSender.EndSession: Sending end session.
TpTrace Verbose: 0 : 9184, 7, 2021/08/21, 13:26:14.235, 44666476639, vstest.console.dll, ProxyOperationManager.Close: waiting for test host to exit for 100 ms
TpTrace Warning: 0 : 9184, 11, 2021/08/21, 13:26:14.249, 44666622416, vstest.console.dll, TestHostManagerCallbacks.ErrorReceivedCallback Test host standard error line: 
TpTrace Verbose: 0 : 9184, 8, 2021/08/21, 13:26:14.257, 44666701967, vstest.console.dll, TestHostProvider.ExitCallBack: Host exited starting callback.
TpTrace Information: 0 : 9184, 8, 2021/08/21, 13:26:14.258, 44666709497, vstest.console.dll, TestHostManagerCallbacks.ExitCallBack: Testhost processId: 3200 exited with exitcode: 0 error: ''
TpTrace Verbose: 0 : 9184, 8, 2021/08/21, 13:26:14.258, 44666710711, vstest.console.dll, DotnetTestHostManager.OnHostExited: invoking OnHostExited callback
TpTrace Verbose: 0 : 9184, 8, 2021/08/21, 13:26:14.258, 44666711704, vstest.console.dll, CrossPlatEngine.TestHostManagerHostExited: calling on client process exit callback.
TpTrace Information: 0 : 9184, 8, 2021/08/21, 13:26:14.258, 44666712720, vstest.console.dll, TestRequestSender.OnClientProcessExit: Test host process exited. Standard error: 
TpTrace Warning: 0 : 9184, 7, 2021/08/21, 13:26:14.258, 44666712730, vstest.console.dll, ProxyOperationManager: Timed out waiting for test host to exit. Will terminate process.
TpTrace Information: 0 : 9184, 8, 2021/08/21, 13:26:14.258, 44666713592, vstest.console.dll, SocketServer.Stop: Stop server endPoint: 127.0.0.1:61453
TpTrace Information: 0 : 9184, 8, 2021/08/21, 13:26:14.259, 44666714865, vstest.console.dll, SocketServer.Stop: Cancellation requested. Stopping message loop.
TpTrace Verbose: 0 : 9184, 7, 2021/08/21, 13:26:14.259, 44666723227, vstest.console.dll, ProxyDataCollectionManager.InvokeDataCollectionServiceAction: Starting.
TpTrace Information: 0 : 9184, 7, 2021/08/21, 13:26:14.259, 44666724287, vstest.console.dll, ProxyDataCollectionManager.AfterTestRunEnd: Get attachment set for datacollector processId: 11348 port: 61450
TpTrace Verbose: 0 : 9184, 7, 2021/08/21, 13:26:14.260, 44666725081, vstest.console.dll, DataCollectionRequestSender.SendAfterTestRunStartAndGetResult : Send AfterTestRunEnd message with isCancelled: False
TpTrace Verbose: 0 : 9184, 7, 2021/08/21, 13:26:14.264, 44666768713, vstest.console.dll, DataCollectionRequestSender.SendAfterTestRunStartAndGetResult : Received message: (DataCollection.AfterTestRunEndResult) -> {
  "AttachmentSets": [],
  "Metrics": {}
}
TpTrace Information: 0 : 9184, 7, 2021/08/21, 13:26:14.267, 44666796480, vstest.console.dll, ProxyDataCollectionManager.InvokeDataCollectionServiceAction: Completed.
TpTrace Warning: 0 : 9184, 10, 2021/08/21, 13:26:14.272, 44666850784, vstest.console.dll, DataCollectionLauncher.ErrorReceivedCallback datacollector standard error line: 
TpTrace Information: 0 : 9184, 8, 2021/08/21, 13:26:14.276, 44666888055, vstest.console.dll, DataCollectionLauncher.ExitCallBack: Data collector exited with exitcode: 0 error: ''
TpTrace Verbose: 0 : 9184, 7, 2021/08/21, 13:26:14.299, 44667120351, vstest.console.dll, TestRunRequest:SendTestRunStatsChange: Starting.
TpTrace Information: 0 : 9184, 7, 2021/08/21, 13:26:14.299, 44667121874, vstest.console.dll, TestRunRequest:SendTestRunStatsChange: Completed.
TpTrace Verbose: 0 : 9184, 7, 2021/08/21, 13:26:14.299, 44667124299, vstest.console.dll, ParallelProxyExecutionManager: HandlePartialRunComplete: Total completed clients = 1, Run complete = True, Run canceled: False.
TpTrace Verbose: 0 : 9184, 7, 2021/08/21, 13:26:14.319, 44667321606, vstest.console.dll, TestRunRequest:TestRunComplete: Starting. IsAborted:False IsCanceled:False.
TpTrace Verbose: 0 : 9184, 7, 2021/08/21, 13:26:14.320, 44667324662, vstest.console.dll, TestLoggerManager.HandleTestRunComplete: Ignoring as the object is disposed.
TpTrace Information: 0 : 9184, 7, 2021/08/21, 13:26:14.320, 44667329120, vstest.console.dll, TestRunRequest:TestRunComplete: Completed.
TpTrace Verbose: 0 : 9184, 1, 2021/08/21, 13:26:14.320, 44667329421, vstest.console.dll, TestRunRequest.Dispose: Starting.
TpTrace Verbose: 0 : 9184, 7, 2021/08/21, 13:26:14.320, 44667330684, vstest.console.dll, TestRequestSender.SetOperationComplete: Setting operation complete.
TpTrace Information: 0 : 9184, 1, 2021/08/21, 13:26:14.320, 44667331754, vstest.console.dll, TestRunRequest.Dispose: Completed.
TpTrace Information: 0 : 9184, 7, 2021/08/21, 13:26:14.320, 44667332456, vstest.console.dll, SocketServer.Stop: Stop server endPoint: 127.0.0.1:61453
TpTrace Information: 0 : 9184, 1, 2021/08/21, 13:26:14.320, 44667333125, vstest.console.dll, TestRequestManager.RunTests: run tests completed.
TpTrace Information: 0 : 9184, 7, 2021/08/21, 13:26:14.320, 44667333635, vstest.console.dll, SocketServer.Stop: Cancellation requested. Stopping message loop.
TpTrace Information: 0 : 9184, 1, 2021/08/21, 13:26:14.321, 44667334743, vstest.console.dll, RunTestsArgumentProcessor:Execute: Test run is completed.
TpTrace Information: 0 : 9184, 7, 2021/08/21, 13:26:14.321, 44667335059, vstest.console.dll, SocketServer.PrivateStop: Stopping server endPoint: 127.0.0.1:61453 error: 
TpTrace Verbose: 0 : 9184, 1, 2021/08/21, 13:26:14.321, 44667337138, vstest.console.dll, Executor.Execute: Exiting with exit code of 0
TpTrace Verbose: 0 : 9184, 7, 2021/08/21, 13:26:14.321, 44667340516, vstest.console.dll, LengthPrefixCommunicationChannel.Dispose: Dispose reader and writer.
